2020-11-04 14:49:57,279 INFO     Starting server at tcp:port=8001:interface=127.0.0.1
2020-11-04 14:49:57,280 INFO     HTTP/2 support not enabled (install the http2 and tls Twisted extras)
2020-11-04 14:49:57,280 INFO     Configuring endpoint tcp:port=8001:interface=127.0.0.1
2020-11-04 14:49:57,281 INFO     Listening on TCP address 127.0.0.1:8001
2020-11-04 14:56:17,865 INFO     Killed 0 pending application instances
2020-11-04 14:56:18,831 INFO     Starting server at unix:/tmp/daphne.sock
2020-11-04 14:56:18,831 INFO     HTTP/2 support not enabled (install the http2 and tls Twisted extras)
2020-11-04 14:56:18,831 INFO     Configuring endpoint unix:/tmp/daphne.sock
2020-11-04 15:11:32,856 ERROR    Exception inside application: 'NoneType' object has no attribute 'id'
Traceback (most recent call last):
  File "/home/medet/webapps/venv/lib/python3.8/site-packages/channels/sessions.py", line 183, in __call__
    return await self.inner(receive, self.send)
  File "/home/medet/webapps/venv/lib/python3.8/site-packages/channels/middleware.py", line 41, in coroutine_call
    await inner_instance(receive, send)
  File "/home/medet/webapps/venv/lib/python3.8/site-packages/channels/consumer.py", line 58, in __call__
    await await_many_dispatch(
  File "/home/medet/webapps/venv/lib/python3.8/site-packages/channels/utils.py", line 51, in await_many_dispatch
    await dispatch(result)
  File "/home/medet/webapps/venv/lib/python3.8/site-packages/asgiref/sync.py", line 296, in __call__
    ret = await asyncio.wait_for(future, timeout=None)
  File "/usr/lib/python3.8/asyncio/tasks.py", line 455, in wait_for
    return await fut
  File "/usr/lib/python3.8/concurrent/futures/thread.py", line 57, in run
    result = self.fn(*self.args, **self.kwargs)
  File "/home/medet/webapps/venv/lib/python3.8/site-packages/channels/db.py", line 14, in thread_handler
    return super().thread_handler(loop, *args, **kwargs)
  File "/home/medet/webapps/venv/lib/python3.8/site-packages/asgiref/sync.py", line 334, in thread_handler
    return func(*args, **kwargs)
  File "/home/medet/webapps/venv/lib/python3.8/site-packages/channels/consumer.py", line 105, in dispatch
    handler(message)
  File "/home/medet/webapps/venv/lib/python3.8/site-packages/channels/generic/websocket.py", line 60, in websocket_receive
    self.receive(text_data=message["text"])
  File "/home/medet/webapps/stello/social_messenger/consumers.py", line 55, in receive
    'manager_%s' % manager.id, data
AttributeError: 'NoneType' object has no attribute 'id'
None - - [04/Nov/2020:14:56:33] "WSCONNECTING /ws/social/messenger/1/" - -
None - - [04/Nov/2020:14:56:33] "WSCONNECT /ws/social/messenger/1/" - -
None - - [04/Nov/2020:14:56:35] "WSDISCONNECT /ws/social/messenger/1/" - -
None - - [04/Nov/2020:14:56:35] "WSCONNECTING /ws/social/messenger/1/" - -
None - - [04/Nov/2020:14:56:35] "WSCONNECT /ws/social/messenger/1/" - -
None - - [04/Nov/2020:14:57:07] "WSDISCONNECT /ws/social/messenger/1/" - -
None - - [04/Nov/2020:14:57:07] "WSCONNECTING /ws/social/messenger/1/" - -
None - - [04/Nov/2020:14:57:07] "WSCONNECT /ws/social/messenger/1/" - -
None - - [04/Nov/2020:15:00:21] "WSDISCONNECT /ws/social/messenger/1/" - -
None - - [04/Nov/2020:15:00:25] "WSCONNECTING /ws/social/messenger/1/" - -
None - - [04/Nov/2020:15:00:25] "WSCONNECT /ws/social/messenger/1/" - -
None - - [04/Nov/2020:15:00:37] "WSDISCONNECT /ws/social/messenger/1/" - -
None - - [04/Nov/2020:15:00:39] "WSCONNECTING /ws/social/messenger/1/" - -
None - - [04/Nov/2020:15:00:39] "WSCONNECT /ws/social/messenger/1/" - -
None - - [04/Nov/2020:15:01:00] "WSDISCONNECT /ws/social/messenger/1/" - -
None - - [04/Nov/2020:15:01:00] "WSCONNECTING /ws/social/messenger/1/" - -
None - - [04/Nov/2020:15:01:00] "WSCONNECT /ws/social/messenger/1/" - -
None - - [04/Nov/2020:15:02:13] "WSCONNECTING /ws/social/messenger/1/" - -
None - - [04/Nov/2020:15:02:13] "WSCONNECT /ws/social/messenger/1/" - -
None - - [04/Nov/2020:15:03:54] "WSDISCONNECT /ws/social/messenger/1/" - -
None - - [04/Nov/2020:15:03:54] "WSCONNECTING /ws/social/messenger/1/" - -
None - - [04/Nov/2020:15:03:54] "WSCONNECT /ws/social/messenger/1/" - -
None - - [04/Nov/2020:15:03:55] "WSDISCONNECT /ws/social/messenger/1/" - -
None - - [04/Nov/2020:15:03:56] "WSCONNECTING /ws/social/messenger/1/" - -
None - - [04/Nov/2020:15:03:56] "WSCONNECT /ws/social/messenger/1/" - -
None - - [04/Nov/2020:15:03:56] "WSDISCONNECT /ws/social/messenger/1/" - -
None - - [04/Nov/2020:15:03:57] "WSCONNECTING /ws/social/messenger/1/" - -
None - - [04/Nov/2020:15:03:57] "WSCONNECT /ws/social/messenger/1/" - -
None - - [04/Nov/2020:15:03:58] "WSDISCONNECT /ws/social/messenger/1/" - -
None - - [04/Nov/2020:15:03:59] "WSCONNECTING /ws/social/messenger/1/" - -
None - - [04/Nov/2020:15:03:59] "WSCONNECT /ws/social/messenger/1/" - -
None - - [04/Nov/2020:15:08:47] "WSDISCONNECT /ws/social/messenger/1/" - -
None - - [04/Nov/2020:15:09:36] "WSCONNECTING /ws/social/messenger/1/" - -
None - - [04/Nov/2020:15:09:37] "WSCONNECT /ws/social/messenger/1/" - -
None - - [04/Nov/2020:15:10:06] "WSDISCONNECT /ws/social/messenger/1/" - -
None - - [04/Nov/2020:15:10:07] "WSCONNECTING /ws/social/messenger/1/" - -
None - - [04/Nov/2020:15:10:07] "WSCONNECT /ws/social/messenger/1/" - -
None - - [04/Nov/2020:15:10:11] "WSDISCONNECT /ws/social/messenger/1/" - -
None - - [04/Nov/2020:15:10:12] "WSCONNECTING /ws/social/messenger/1/" - -
None - - [04/Nov/2020:15:10:12] "WSCONNECT /ws/social/messenger/1/" - -
None - - [04/Nov/2020:15:10:22] "WSDISCONNECT /ws/social/messenger/1/" - -
None - - [04/Nov/2020:15:10:22] "WSCONNECTING /ws/social/messenger/1/" - -
None - - [04/Nov/2020:15:10:22] "WSCONNECT /ws/social/messenger/1/" - -
None - - [04/Nov/2020:15:10:25] "WSDISCONNECT /ws/social/messenger/1/" - -
None - - [04/Nov/2020:15:10:26] "WSCONNECTING /ws/social/messenger/1/" - -
None - - [04/Nov/2020:15:10:26] "WSCONNECT /ws/social/messenger/1/" - -
None - - [04/Nov/2020:15:10:40] "WSDISCONNECT /ws/social/messenger/1/" - -
None - - [04/Nov/2020:15:10:41] "WSCONNECTING /ws/social/messenger/1/" - -
None - - [04/Nov/2020:15:10:41] "WSCONNECT /ws/social/messenger/1/" - -
None - - [04/Nov/2020:15:11:03] "WSDISCONNECT /ws/social/messenger/1/" - -
None - - [04/Nov/2020:15:11:10] "WSCONNECTING /ws/social/messenger/1/" - -
None - - [04/Nov/2020:15:11:10] "WSCONNECT /ws/social/messenger/1/" - -
None - - [04/Nov/2020:15:11:32] "WSDISCONNECT /ws/social/messenger/1/" - -
None - - [04/Nov/2020:15:11:55] "WSCONNECTING /ws/social/messenger/1/" - -
None - - [04/Nov/2020:15:11:55] "WSCONNECT /ws/social/messenger/1/" - -
None - - [04/Nov/2020:15:11:59] "WSDISCONNECT /ws/social/messenger/1/" - -
None - - [04/Nov/2020:15:12:00] "WSCONNECTING /ws/social/messenger/1/" - -
None - - [04/Nov/2020:15:12:00] "WSCONNECT /ws/social/messenger/1/" - -
None - - [04/Nov/2020:15:12:00] "WSDISCONNECT /ws/social/messenger/1/" - -
None - - [04/Nov/2020:15:12:01] "WSCONNECTING /ws/social/messenger/1/" - -
None - - [04/Nov/2020:15:12:01] "WSCONNECT /ws/social/messenger/1/" - -
None - - [04/Nov/2020:15:12:02] "WSDISCONNECT /ws/social/messenger/1/" - -
None - - [04/Nov/2020:15:12:03] "WSCONNECTING /ws/social/messenger/1/" - -
None - - [04/Nov/2020:15:12:03] "WSCONNECT /ws/social/messenger/1/" - -
None - - [04/Nov/2020:15:12:05] "WSDISCONNECT /ws/social/messenger/1/" - -
None - - [04/Nov/2020:15:12:05] "WSCONNECTING /ws/social/messenger/1/" - -
None - - [04/Nov/2020:15:12:05] "WSCONNECT /ws/social/messenger/1/" - -
None - - [04/Nov/2020:15:12:08] "WSDISCONNECT /ws/social/messenger/1/" - -
None - - [04/Nov/2020:15:12:09] "WSCONNECTING /ws/social/messenger/1/" - -
None - - [04/Nov/2020:15:12:09] "WSCONNECT /ws/social/messenger/1/" - -
None - - [04/Nov/2020:15:12:13] "WSDISCONNECT /ws/social/messenger/1/" - -
None - - [04/Nov/2020:15:12:14] "WSCONNECTING /ws/social/messenger/1/" - -
None - - [04/Nov/2020:15:12:14] "WSCONNECT /ws/social/messenger/1/" - -
None - - [04/Nov/2020:15:12:40] "WSDISCONNECT /ws/social/messenger/1/" - -
None - - [04/Nov/2020:15:12:41] "WSCONNECTING /ws/social/messenger/1/" - -
None - - [04/Nov/2020:15:12:41] "WSCONNECT /ws/social/messenger/1/" - -
None - - [04/Nov/2020:15:12:51] "WSDISCONNECT /ws/social/messenger/1/" - -
None - - [04/Nov/2020:15:12:51] "WSCONNECTING /ws/social/messenger/1/" - -
None - - [04/Nov/2020:15:12:51] "WSCONNECT /ws/social/messenger/1/" - -
None - - [04/Nov/2020:15:13:47] "WSDISCONNECT /ws/social/messenger/1/" - -
None - - [04/Nov/2020:15:13:47] "WSCONNECTING /ws/social/messenger/1/" - -
None - - [04/Nov/2020:15:13:47] "WSCONNECT /ws/social/messenger/1/" - -
None - - [04/Nov/2020:15:15:16] "WSDISCONNECT /ws/social/messenger/1/" - -
None - - [04/Nov/2020:15:15:17] "WSCONNECTING /ws/social/messenger/1/" - -
None - - [04/Nov/2020:15:15:17] "WSCONNECT /ws/social/messenger/1/" - -
None - - [04/Nov/2020:15:16:45] "WSCONNECTING /ws/social/messenger/1/" - -
None - - [04/Nov/2020:15:16:45] "WSCONNECT /ws/social/messenger/1/" - -
None - - [04/Nov/2020:15:16:56] "WSDISCONNECT /ws/social/messenger/1/" - -
None - - [04/Nov/2020:15:16:58] "WSCONNECTING /ws/social/messenger/1/" - -
None - - [04/Nov/2020:15:16:58] "WSCONNECT /ws/social/messenger/1/" - -
None - - [04/Nov/2020:15:17:20] "WSDISCONNECT /ws/social/messenger/1/" - -
None - - [04/Nov/2020:15:17:21] "WSCONNECTING /ws/social/messenger/1/" - -
None - - [04/Nov/2020:15:17:21] "WSCONNECT /ws/social/messenger/1/" - -
None - - [04/Nov/2020:15:18:04] "WSDISCONNECT /ws/social/messenger/1/" - -
None - - [04/Nov/2020:15:18:04] "WSCONNECTING /ws/social/messenger/1/" - -
None - - [04/Nov/2020:15:18:04] "WSCONNECT /ws/social/messenger/1/" - -
None - - [04/Nov/2020:15:18:15] "WSDISCONNECT /ws/social/messenger/1/" - -
None - - [04/Nov/2020:15:18:16] "WSCONNECTING /ws/social/messenger/1/" - -
None - - [04/Nov/2020:15:18:16] "WSCONNECT /ws/social/messenger/1/" - -
None - - [04/Nov/2020:15:18:34] "WSDISCONNECT /ws/social/messenger/1/" - -
None - - [04/Nov/2020:15:18:35] "WSCONNECTING /ws/social/messenger/1/" - -
None - - [04/Nov/2020:15:18:35] "WSCONNECT /ws/social/messenger/1/" - -
None - - [04/Nov/2020:15:18:38] "WSDISCONNECT /ws/social/messenger/1/" - -
None - - [04/Nov/2020:15:18:38] "WSCONNECTING /ws/social/messenger/1/" - -
None - - [04/Nov/2020:15:18:38] "WSCONNECT /ws/social/messenger/1/" - -
None - - [04/Nov/2020:15:19:31] "WSDISCONNECT /ws/social/messenger/1/" - -
None - - [04/Nov/2020:15:19:31] "WSCONNECTING /ws/social/messenger/1/" - -
None - - [04/Nov/2020:15:19:31] "WSCONNECT /ws/social/messenger/1/" - -
None - - [04/Nov/2020:15:19:46] "WSDISCONNECT /ws/social/messenger/1/" - -
None - - [04/Nov/2020:15:19:48] "WSCONNECTING /ws/social/messenger/1/" - -
None - - [04/Nov/2020:15:19:48] "WSCONNECT /ws/social/messenger/1/" - -
None - - [04/Nov/2020:15:19:56] "WSDISCONNECT /ws/social/messenger/1/" - -
None - - [04/Nov/2020:15:19:57] "WSCONNECTING /ws/social/messenger/1/" - -
None - - [04/Nov/2020:15:19:57] "WSCONNECT /ws/social/messenger/1/" - -
None - - [04/Nov/2020:15:20:08] "WSDISCONNECT /ws/social/messenger/1/" - -
None - - [04/Nov/2020:15:20:08] "WSCONNECTING /ws/social/messenger/1/" - -
None - - [04/Nov/2020:15:20:08] "WSCONNECT /ws/social/messenger/1/" - -
None - - [04/Nov/2020:15:20:15] "WSDISCONNECT /ws/social/messenger/1/" - -
None - - [04/Nov/2020:15:20:17] "WSCONNECTING /ws/social/messenger/1/" - -
None - - [04/Nov/2020:15:20:17] "WSCONNECT /ws/social/messenger/1/" - -
None - - [04/Nov/2020:15:20:37] "WSDISCONNECT /ws/social/messenger/1/" - -
None - - [04/Nov/2020:15:20:37] "WSCONNECTING /ws/social/messenger/1/" - -
None - - [04/Nov/2020:15:20:37] "WSCONNECT /ws/social/messenger/1/" - -
None - - [04/Nov/2020:15:20:53] "WSDISCONNECT /ws/social/messenger/1/" - -
None - - [04/Nov/2020:15:20:54] "WSCONNECTING /ws/social/messenger/1/" - -
None - - [04/Nov/2020:15:20:54] "WSCONNECT /ws/social/messenger/1/" - -
None - - [04/Nov/2020:15:20:56] "WSDISCONNECT /ws/social/messenger/1/" - -
None - - [04/Nov/2020:15:20:56] "WSCONNECTING /ws/social/messenger/1/" - -
None - - [04/Nov/2020:15:20:56] "WSCONNECT /ws/social/messenger/1/" - -
None - - [04/Nov/2020:15:21:11] "WSDISCONNECT /ws/social/messenger/1/" - -
None - - [04/Nov/2020:15:21:12] "WSCONNECTING /ws/social/messenger/1/" - -
None - - [04/Nov/2020:15:21:12] "WSCONNECT /ws/social/messenger/1/" - -
None - - [04/Nov/2020:15:23:29] "WSDISCONNECT /ws/social/messenger/1/" - -
None - - [04/Nov/2020:15:23:29] "WSCONNECTING /ws/social/messenger/1/" - -
None - - [04/Nov/2020:15:23:29] "WSCONNECT /ws/social/messenger/1/" - -
None - - [04/Nov/2020:15:24:40] "WSDISCONNECT /ws/social/messenger/1/" - -
None - - [04/Nov/2020:15:24:40] "WSDISCONNECT /ws/social/messenger/1/" - -
None - - [04/Nov/2020:15:24:40] "WSDISCONNECT /ws/social/messenger/1/" - -
None - - [04/Nov/2020:15:24:43] "WSCONNECTING /ws/social/messenger/1/" - -
None - - [04/Nov/2020:15:24:43] "WSCONNECT /ws/social/messenger/1/" - -
None - - [04/Nov/2020:15:25:46] "WSDISCONNECT /ws/social/messenger/1/" - -
None - - [04/Nov/2020:15:25:46] "WSCONNECTING /ws/social/messenger/1/" - -
None - - [04/Nov/2020:15:25:47] "WSCONNECT /ws/social/messenger/1/" - -
None - - [04/Nov/2020:15:25:48] "WSDISCONNECT /ws/social/messenger/1/" - -
None - - [04/Nov/2020:15:25:48] "WSCONNECTING /ws/social/messenger/1/" - -
None - - [04/Nov/2020:15:25:48] "WSCONNECT /ws/social/messenger/1/" - -
None - - [04/Nov/2020:15:26:00] "WSCONNECTING /ws/social/messenger/1/" - -
None - - [04/Nov/2020:15:26:00] "WSCONNECT /ws/social/messenger/1/" - -
None - - [04/Nov/2020:15:26:11] "WSDISCONNECT /ws/social/messenger/1/" - -
None - - [04/Nov/2020:15:26:11] "WSCONNECTING /ws/social/messenger/1/" - -
None - - [04/Nov/2020:15:26:11] "WSCONNECT /ws/social/messenger/1/" - -
None - - [04/Nov/2020:15:26:17] "WSDISCONNECT /ws/social/messenger/1/" - -
None - - [04/Nov/2020:15:26:17] "WSCONNECTING /ws/social/messenger/1/" - -
None - - [04/Nov/2020:15:26:17] "WSCONNECT /ws/social/messenger/1/" - -
None - - [04/Nov/2020:15:26:22] "WSDISCONNECT /ws/social/messenger/1/" - -
None - - [04/Nov/2020:15:26:22] "WSCONNECTING /ws/social/messenger/1/" - -
None - - [04/Nov/2020:15:26:22] "WSCONNECT /ws/social/messenger/1/" - -
None - - [04/Nov/2020:15:26:24] "WSDISCONNECT /ws/social/messenger/1/" - -
None - - [04/Nov/2020:15:27:14] "WSCONNECTING /ws/social/messenger/1/" - -
None - - [04/Nov/2020:15:27:14] "WSCONNECT /ws/social/messenger/1/" - -
None - - [04/Nov/2020:15:28:22] "WSDISCONNECT /ws/social/messenger/1/" - -
None - - [04/Nov/2020:15:28:22] "WSCONNECTING /ws/social/messenger/1/" - -
None - - [04/Nov/2020:15:28:22] "WSCONNECT /ws/social/messenger/1/" - -
None - - [04/Nov/2020:15:29:00] "WSDISCONNECT /ws/social/messenger/1/" - -
None - - [04/Nov/2020:15:29:00] "WSCONNECTING /ws/social/messenger/1/" - -
None - - [04/Nov/2020:15:29:00] "WSCONNECT /ws/social/messenger/1/" - -
None - - [04/Nov/2020:15:37:24] "WSDISCONNECT /ws/social/messenger/1/" - -
None - - [04/Nov/2020:15:37:25] "WSCONNECTING /ws/social/messenger/1/" - -
None - - [04/Nov/2020:15:37:26] "WSCONNECT /ws/social/messenger/1/" - -
None - - [04/Nov/2020:15:38:01] "WSDISCONNECT /ws/social/messenger/1/" - -
None - - [04/Nov/2020:15:38:02] "WSCONNECTING /ws/social/messenger/1/" - -
None - - [04/Nov/2020:15:38:02] "WSCONNECT /ws/social/messenger/1/" - -
None - - [04/Nov/2020:15:38:14] "WSDISCONNECT /ws/social/messenger/1/" - -
None - - [04/Nov/2020:15:38:55] "WSCONNECTING /ws/social/messenger/1/" - -
None - - [04/Nov/2020:15:38:55] "WSCONNECT /ws/social/messenger/1/" - -
None - - [04/Nov/2020:15:40:45] "WSDISCONNECT /ws/social/messenger/1/" - -
None - - [04/Nov/2020:15:40:45] "WSCONNECTING /ws/social/messenger/1/" - -
None - - [04/Nov/2020:15:40:45] "WSCONNECT /ws/social/messenger/1/" - -
None - - [04/Nov/2020:15:41:44] "WSCONNECTING /ws/social/messenger/1/" - -
None - - [04/Nov/2020:15:41:44] "WSCONNECT /ws/social/messenger/1/" - -
None - - [04/Nov/2020:15:42:40] "WSDISCONNECT /ws/social/messenger/1/" - -
None - - [04/Nov/2020:15:42:42] "WSCONNECTING /ws/social/messenger/1/" - -
None - - [04/Nov/2020:15:42:42] "WSCONNECT /ws/social/messenger/1/" - -
None - - [04/Nov/2020:15:43:22] "WSDISCONNECT /ws/social/messenger/1/" - -
None - - [04/Nov/2020:15:43:23] "WSCONNECTING /ws/social/messenger/1/" - -
None - - [04/Nov/2020:15:43:23] "WSCONNECT /ws/social/messenger/1/" - -
None - - [04/Nov/2020:15:43:48] "WSDISCONNECT /ws/social/messenger/1/" - -
None - - [04/Nov/2020:15:44:25] "WSCONNECTING /ws/social/messenger/1/" - -
None - - [04/Nov/2020:15:44:25] "WSCONNECT /ws/social/messenger/1/" - -
None - - [04/Nov/2020:15:46:38] "WSDISCONNECT /ws/social/messenger/1/" - -
None - - [04/Nov/2020:15:46:39] "WSCONNECTING /ws/social/messenger/1/" - -
None - - [04/Nov/2020:15:46:39] "WSCONNECT /ws/social/messenger/1/" - -
None - - [04/Nov/2020:15:47:48] "WSDISCONNECT /ws/social/messenger/1/" - -
None - - [04/Nov/2020:15:47:49] "WSCONNECTING /ws/social/messenger/1/" - -
None - - [04/Nov/2020:15:47:49] "WSCONNECT /ws/social/messenger/1/" - -
None - - [04/Nov/2020:15:49:32] "WSDISCONNECT /ws/social/messenger/1/" - -
None - - [04/Nov/2020:15:49:33] "WSCONNECTING /ws/social/messenger/1/" - -
None - - [04/Nov/2020:15:49:33] "WSCONNECT /ws/social/messenger/1/" - -
None - - [04/Nov/2020:15:52:07] "WSDISCONNECT /ws/social/messenger/1/" - -
None - - [04/Nov/2020:15:52:08] "WSCONNECTING /ws/social/messenger/1/" - -
None - - [04/Nov/2020:15:52:08] "WSCONNECT /ws/social/messenger/1/" - -
None - - [04/Nov/2020:15:52:28] "WSDISCONNECT /ws/social/messenger/1/" - -
None - - [04/Nov/2020:15:52:29] "WSCONNECTING /ws/social/messenger/1/" - -
None - - [04/Nov/2020:15:52:29] "WSCONNECT /ws/social/messenger/1/" - -
None - - [04/Nov/2020:15:52:55] "WSDISCONNECT /ws/social/messenger/1/" - -
None - - [04/Nov/2020:15:52:56] "WSDISCONNECT /ws/social/messenger/1/" - -
None - - [04/Nov/2020:15:53:14] "WSCONNECTING /ws/social/messenger/1/" - -
None - - [04/Nov/2020:15:53:14] "WSCONNECT /ws/social/messenger/1/" - -
None - - [04/Nov/2020:15:53:56] "WSDISCONNECT /ws/social/messenger/1/" - -
None - - [04/Nov/2020:15:54:02] "WSCONNECTING /ws/social/messenger/1/" - -
None - - [04/Nov/2020:15:54:02] "WSCONNECT /ws/social/messenger/1/" - -
None - - [04/Nov/2020:15:54:05] "WSCONNECTING /ws/social/messenger/1/" - -
None - - [04/Nov/2020:15:54:05] "WSCONNECT /ws/social/messenger/1/" - -
None - - [04/Nov/2020:15:54:14] "WSDISCONNECT /ws/social/messenger/1/" - -
None - - [04/Nov/2020:15:54:15] "WSDISCONNECT /ws/social/messenger/1/" - -
None - - [04/Nov/2020:15:54:16] "WSCONNECTING /ws/social/messenger/1/" - -
None - - [04/Nov/2020:15:54:16] "WSCONNECT /ws/social/messenger/1/" - -
None - - [04/Nov/2020:15:54:28] "WSDISCONNECT /ws/social/messenger/1/" - -
None - - [04/Nov/2020:15:54:29] "WSCONNECTING /ws/social/messenger/1/" - -
None - - [04/Nov/2020:15:54:29] "WSCONNECT /ws/social/messenger/1/" - -
None - - [04/Nov/2020:15:54:33] "WSDISCONNECT /ws/social/messenger/1/" - -
None - - [04/Nov/2020:15:54:33] "WSCONNECTING /ws/social/messenger/1/" - -
None - - [04/Nov/2020:15:54:33] "WSCONNECT /ws/social/messenger/1/" - -
None - - [04/Nov/2020:15:54:37] "WSDISCONNECT /ws/social/messenger/1/" - -
None - - [04/Nov/2020:15:54:37] "WSCONNECTING /ws/social/messenger/1/" - -
None - - [04/Nov/2020:15:54:37] "WSCONNECT /ws/social/messenger/1/" - -
None - - [04/Nov/2020:15:55:20] "WSCONNECTING /ws/social/messenger/1/" - -
None - - [04/Nov/2020:15:55:20] "WSCONNECT /ws/social/messenger/1/" - -
None - - [04/Nov/2020:15:55:31] "WSDISCONNECT /ws/social/messenger/1/" - -
None - - [04/Nov/2020:15:55:31] "WSCONNECTING /ws/social/messenger/1/" - -
None - - [04/Nov/2020:15:55:31] "WSCONNECT /ws/social/messenger/1/" - -
None - - [04/Nov/2020:15:56:28] "WSDISCONNECT /ws/social/messenger/1/" - -
None - - [04/Nov/2020:15:56:41] "WSCONNECTING /ws/social/messenger/1/" - -
None - - [04/Nov/2020:15:56:41] "WSCONNECT /ws/social/messenger/1/" - -
None - - [04/Nov/2020:15:57:01] "WSDISCONNECT /ws/social/messenger/1/" - -
None - - [04/Nov/2020:15:57:16] "WSCONNECTING /ws/social/messenger/1/" - -
None - - [04/Nov/2020:15:57:16] "WSCONNECT /ws/social/messenger/1/" - -
None - - [04/Nov/2020:15:57:55] "WSDISCONNECT /ws/social/messenger/1/" - -
None - - [04/Nov/2020:15:58:03] "WSCONNECTING /ws/social/messenger/1/" - -
None - - [04/Nov/2020:15:58:03] "WSCONNECT /ws/social/messenger/1/" - -
None - - [04/Nov/2020:15:58:22] "WSCONNECTING /ws/social/messenger/1/" - -
None - - [04/Nov/2020:15:58:22] "WSCONNECT /ws/social/messenger/1/" - -
None - - [04/Nov/2020:15:59:20] "WSDISCONNECT /ws/social/messenger/1/" - -
None - - [04/Nov/2020:15:59:35] "WSCONNECTING /ws/social/messenger/1/" - -
None - - [04/Nov/2020:15:59:35] "WSCONNECT /ws/social/messenger/1/" - -
None - - [04/Nov/2020:15:59:44] "WSCONNECTING /ws/social/messenger/1/" - -
None - - [04/Nov/2020:15:59:44] "WSCONNECT /ws/social/messenger/1/" - -
None - - [04/Nov/2020:15:59:46] "WSDISCONNECT /ws/social/messenger/1/" - -
None - - [04/Nov/2020:15:59:46] "WSCONNECTING /ws/social/messenger/1/" - -
None - - [04/Nov/2020:15:59:46] "WSCONNECT /ws/social/messenger/1/" - -
None - - [04/Nov/2020:16:00:11] "WSDISCONNECT /ws/social/messenger/1/" - -
None - - [04/Nov/2020:16:00:13] "WSDISCONNECT /ws/social/messenger/1/" - -
None - - [04/Nov/2020:16:00:15] "WSCONNECTING /ws/social/messenger/1/" - -
None - - [04/Nov/2020:16:00:15] "WSCONNECT /ws/social/messenger/1/" - -
None - - [04/Nov/2020:16:00:21] "WSCONNECTING /ws/social/messenger/1/" - -
None - - [04/Nov/2020:16:00:21] "WSCONNECT /ws/social/messenger/1/" - -
None - - [04/Nov/2020:16:00:24] "WSDISCONNECT /ws/social/messenger/1/" - -
None - - [04/Nov/2020:16:00:25] "WSCONNECTING /ws/social/messenger/1/" - -
None - - [04/Nov/2020:16:00:25] "WSCONNECT /ws/social/messenger/1/" - -
None - - [04/Nov/2020:16:00:32] "WSDISCONNECT /ws/social/messenger/1/" - -
None - - [04/Nov/2020:16:00:32] "WSCONNECTING /ws/social/messenger/1/" - -
None - - [04/Nov/2020:16:00:32] "WSCONNECT /ws/social/messenger/1/" - -
None - - [04/Nov/2020:16:00:33] "WSDISCONNECT /ws/social/messenger/1/" - -
None - - [04/Nov/2020:16:00:35] "WSCONNECTING /ws/social/messenger/1/" - -
None - - [04/Nov/2020:16:00:35] "WSCONNECT /ws/social/messenger/1/" - -
None - - [04/Nov/2020:16:00:43] "WSDISCONNECT /ws/social/messenger/1/" - -
None - - [04/Nov/2020:16:00:43] "WSCONNECTING /ws/social/messenger/1/" - -
None - - [04/Nov/2020:16:00:43] "WSCONNECT /ws/social/messenger/1/" - -
None - - [04/Nov/2020:16:00:49] "WSDISCONNECT /ws/social/messenger/1/" - -
None - - [04/Nov/2020:16:00:49] "WSCONNECTING /ws/social/messenger/1/" - -
None - - [04/Nov/2020:16:00:49] "WSCONNECT /ws/social/messenger/1/" - -
None - - [04/Nov/2020:16:01:31] "WSDISCONNECT /ws/social/messenger/1/" - -
None - - [04/Nov/2020:16:01:39] "WSDISCONNECT /ws/social/messenger/1/" - -
None - - [04/Nov/2020:16:05:00] "WSCONNECTING /ws/social/messenger/1/" - -
None - - [04/Nov/2020:16:05:00] "WSCONNECT /ws/social/messenger/1/" - -
None - - [04/Nov/2020:16:09:36] "WSDISCONNECT /ws/social/messenger/1/" - -
None - - [04/Nov/2020:16:09:37] "WSCONNECTING /ws/social/messenger/1/" - -
None - - [04/Nov/2020:16:09:37] "WSCONNECT /ws/social/messenger/1/" - -
None - - [04/Nov/2020:16:09:51] "WSDISCONNECT /ws/social/messenger/1/" - -
None - - [04/Nov/2020:16:09:52] "WSCONNECTING /ws/social/messenger/1/" - -
None - - [04/Nov/2020:16:09:52] "WSCONNECT /ws/social/messenger/1/" - -
None - - [04/Nov/2020:16:11:28] "WSDISCONNECT /ws/social/messenger/1/" - -
None - - [04/Nov/2020:16:11:42] "WSDISCONNECT /ws/social/messenger/1/" - -
None - - [04/Nov/2020:16:19:44] "WSDISCONNECT /ws/social/messenger/1/" - -
None - - [04/Nov/2020:16:19:46] "WSDISCONNECT /ws/social/messenger/1/" - -
None - - [04/Nov/2020:16:21:21] "WSCONNECTING /ws/social/messenger/1/" - -
None - - [04/Nov/2020:16:21:21] "WSCONNECT /ws/social/messenger/1/" - -
None - - [04/Nov/2020:16:21:23] "WSDISCONNECT /ws/social/messenger/1/" - -
None - - [04/Nov/2020:16:21:24] "WSCONNECTING /ws/social/messenger/1/" - -
None - - [04/Nov/2020:16:21:24] "WSCONNECT /ws/social/messenger/1/" - -
None - - [04/Nov/2020:16:21:42] "WSDISCONNECT /ws/social/messenger/1/" - -
None - - [04/Nov/2020:16:21:42] "WSCONNECTING /ws/social/messenger/1/" - -
None - - [04/Nov/2020:16:21:42] "WSCONNECT /ws/social/messenger/1/" - -
None - - [04/Nov/2020:16:22:33] "WSDISCONNECT /ws/social/messenger/1/" - -
None - - [04/Nov/2020:16:34:42] "WSCONNECTING /ws/social/messenger/1/" - -
None - - [04/Nov/2020:16:34:42] "WSCONNECT /ws/social/messenger/1/" - -
None - - [04/Nov/2020:16:35:26] "WSDISCONNECT /ws/social/messenger/1/" - -
None - - [04/Nov/2020:16:35:28] "WSCONNECTING /ws/social/messenger/1/" - -
None - - [04/Nov/2020:16:35:29] "WSCONNECT /ws/social/messenger/1/" - -
None - - [04/Nov/2020:16:35:30] "WSDISCONNECT /ws/social/messenger/1/" - -
None - - [04/Nov/2020:16:35:32] "WSCONNECTING /ws/social/messenger/1/" - -
None - - [04/Nov/2020:16:35:32] "WSCONNECT /ws/social/messenger/1/" - -
None - - [04/Nov/2020:16:35:32] "WSDISCONNECT /ws/social/messenger/1/" - -
None - - [04/Nov/2020:16:35:33] "WSCONNECTING /ws/social/messenger/1/" - -
None - - [04/Nov/2020:16:35:33] "WSCONNECT /ws/social/messenger/1/" - -
None - - [04/Nov/2020:16:35:47] "WSDISCONNECT /ws/social/messenger/1/" - -
None - - [04/Nov/2020:16:36:01] "WSCONNECTING /ws/social/messenger/1/" - -
None - - [04/Nov/2020:16:36:01] "WSCONNECT /ws/social/messenger/1/" - -
None - - [04/Nov/2020:16:37:02] "WSDISCONNECT /ws/social/messenger/1/" - -
None - - [04/Nov/2020:16:37:04] "WSCONNECTING /ws/social/messenger/1/" - -
None - - [04/Nov/2020:16:37:04] "WSCONNECT /ws/social/messenger/1/" - -
None - - [04/Nov/2020:16:37:05] "WSDISCONNECT /ws/social/messenger/1/" - -
None - - [04/Nov/2020:16:37:12] "WSCONNECTING /ws/social/messenger/1/" - -
None - - [04/Nov/2020:16:37:13] "WSCONNECT /ws/social/messenger/1/" - -
None - - [04/Nov/2020:16:38:45] "WSDISCONNECT /ws/social/messenger/1/" - -
None - - [04/Nov/2020:16:38:48] "WSCONNECTING /ws/social/messenger/1/" - -
None - - [04/Nov/2020:16:38:48] "WSCONNECT /ws/social/messenger/1/" - -
None - - [04/Nov/2020:16:39:12] "WSDISCONNECT /ws/social/messenger/1/" - -
None - - [04/Nov/2020:16:39:12] "WSCONNECTING /ws/social/messenger/1/" - -
None - - [04/Nov/2020:16:39:13] "WSCONNECT /ws/social/messenger/1/" - -
None - - [04/Nov/2020:16:40:28] "WSDISCONNECT /ws/social/messenger/1/" - -
None - - [04/Nov/2020:16:40:28] "WSCONNECTING /ws/social/messenger/1/" - -
None - - [04/Nov/2020:16:40:28] "WSCONNECT /ws/social/messenger/1/" - -
None - - [04/Nov/2020:16:46:36] "WSDISCONNECT /ws/social/messenger/1/" - -
None - - [04/Nov/2020:16:46:40] "WSCONNECTING /ws/social/messenger/1/" - -
None - - [04/Nov/2020:16:46:40] "WSCONNECT /ws/social/messenger/1/" - -
None - - [04/Nov/2020:16:47:29] "WSDISCONNECT /ws/social/messenger/1/" - -
None - - [04/Nov/2020:16:48:20] "WSCONNECTING /ws/social/messenger/1/" - -
None - - [04/Nov/2020:16:48:20] "WSCONNECT /ws/social/messenger/1/" - -
None - - [04/Nov/2020:16:50:21] "WSDISCONNECT /ws/social/messenger/1/" - -
None - - [04/Nov/2020:16:50:21] "WSCONNECTING /ws/social/messenger/1/" - -
None - - [04/Nov/2020:16:50:21] "WSCONNECT /ws/social/messenger/1/" - -
None - - [04/Nov/2020:16:53:27] "WSDISCONNECT /ws/social/messenger/1/" - -
None - - [04/Nov/2020:16:53:28] "WSCONNECTING /ws/social/messenger/1/" - -
None - - [04/Nov/2020:16:53:28] "WSCONNECT /ws/social/messenger/1/" - -
None - - [04/Nov/2020:16:55:57] "WSDISCONNECT /ws/social/messenger/1/" - -
None - - [04/Nov/2020:16:56:28] "WSCONNECTING /ws/social/messenger/1/" - -
None - - [04/Nov/2020:16:56:28] "WSCONNECT /ws/social/messenger/1/" - -
None - - [04/Nov/2020:17:26:44] "WSDISCONNECT /ws/social/messenger/1/" - -
None - - [04/Nov/2020:17:26:45] "WSCONNECTING /ws/social/messenger/1/" - -
None - - [04/Nov/2020:17:26:45] "WSCONNECT /ws/social/messenger/1/" - -
None - - [04/Nov/2020:17:28:26] "WSDISCONNECT /ws/social/messenger/1/" - -
None - - [04/Nov/2020:17:28:29] "WSCONNECTING /ws/social/messenger/1/" - -
None - - [04/Nov/2020:17:28:29] "WSCONNECT /ws/social/messenger/1/" - -
None - - [04/Nov/2020:17:40:45] "WSDISCONNECT /ws/social/messenger/1/" - -
None - - [04/Nov/2020:17:40:50] "WSCONNECTING /ws/social/messenger/1/" - -
None - - [04/Nov/2020:17:40:50] "WSCONNECT /ws/social/messenger/1/" - -
None - - [04/Nov/2020:17:41:36] "WSDISCONNECT /ws/social/messenger/1/" - -
None - - [04/Nov/2020:17:41:36] "WSCONNECTING /ws/social/messenger/1/" - -
None - - [04/Nov/2020:17:41:36] "WSCONNECT /ws/social/messenger/1/" - -
None - - [04/Nov/2020:17:41:39] "WSDISCONNECT /ws/social/messenger/1/" - -
None - - [04/Nov/2020:17:41:39] "WSCONNECTING /ws/social/messenger/1/" - -
None - - [04/Nov/2020:17:41:39] "WSCONNECT /ws/social/messenger/1/" - -
None - - [04/Nov/2020:17:41:58] "WSDISCONNECT /ws/social/messenger/1/" - -
None - - [04/Nov/2020:17:42:04] "WSCONNECTING /ws/social/messenger/1/" - -
None - - [04/Nov/2020:17:42:04] "WSCONNECT /ws/social/messenger/1/" - -
None - - [04/Nov/2020:17:42:25] "WSDISCONNECT /ws/social/messenger/1/" - -
None - - [04/Nov/2020:17:42:25] "WSCONNECTING /ws/social/messenger/1/" - -
None - - [04/Nov/2020:17:42:25] "WSCONNECT /ws/social/messenger/1/" - -
None - - [04/Nov/2020:17:42:27] "WSDISCONNECT /ws/social/messenger/1/" - -
None - - [04/Nov/2020:17:42:27] "WSCONNECTING /ws/social/messenger/1/" - -
None - - [04/Nov/2020:17:42:27] "WSCONNECT /ws/social/messenger/1/" - -
None - - [04/Nov/2020:17:42:43] "WSDISCONNECT /ws/social/messenger/1/" - -
None - - [04/Nov/2020:17:42:44] "WSCONNECTING /ws/social/messenger/1/" - -
None - - [04/Nov/2020:17:42:44] "WSCONNECT /ws/social/messenger/1/" - -
None - - [04/Nov/2020:17:42:59] "WSDISCONNECT /ws/social/messenger/1/" - -
None - - [04/Nov/2020:17:42:59] "WSCONNECTING /ws/social/messenger/1/" - -
None - - [04/Nov/2020:17:42:59] "WSCONNECT /ws/social/messenger/1/" - -
None - - [04/Nov/2020:17:43:03] "WSDISCONNECT /ws/social/messenger/1/" - -
None - - [04/Nov/2020:17:43:04] "WSCONNECTING /ws/social/messenger/1/" - -
None - - [04/Nov/2020:17:43:04] "WSCONNECT /ws/social/messenger/1/" - -
None - - [04/Nov/2020:17:43:12] "WSDISCONNECT /ws/social/messenger/1/" - -
None - - [04/Nov/2020:17:43:15] "WSCONNECTING /ws/social/messenger/1/" - -
None - - [04/Nov/2020:17:43:15] "WSCONNECT /ws/social/messenger/1/" - -
None - - [04/Nov/2020:17:43:18] "WSDISCONNECT /ws/social/messenger/1/" - -
None - - [04/Nov/2020:17:43:18] "WSCONNECTING /ws/social/messenger/1/" - -
None - - [04/Nov/2020:17:43:18] "WSCONNECT /ws/social/messenger/1/" - -
None - - [04/Nov/2020:17:43:20] "WSDISCONNECT /ws/social/messenger/1/" - -
None - - [04/Nov/2020:17:43:20] "WSCONNECTING /ws/social/messenger/1/" - -
None - - [04/Nov/2020:17:43:20] "WSCONNECT /ws/social/messenger/1/" - -
None - - [04/Nov/2020:17:43:28] "WSDISCONNECT /ws/social/messenger/1/" - -
None - - [04/Nov/2020:17:43:31] "WSCONNECTING /ws/social/messenger/1/" - -
None - - [04/Nov/2020:17:43:31] "WSCONNECT /ws/social/messenger/1/" - -
None - - [04/Nov/2020:17:43:56] "WSDISCONNECT /ws/social/messenger/1/" - -
None - - [04/Nov/2020:17:43:56] "WSCONNECTING /ws/social/messenger/1/" - -
None - - [04/Nov/2020:17:43:56] "WSCONNECT /ws/social/messenger/1/" - -
None - - [04/Nov/2020:17:44:33] "WSDISCONNECT /ws/social/messenger/1/" - -
None - - [04/Nov/2020:17:44:37] "WSCONNECTING /ws/social/messenger/1/" - -
None - - [04/Nov/2020:17:44:37] "WSCONNECT /ws/social/messenger/1/" - -
None - - [04/Nov/2020:17:44:56] "WSDISCONNECT /ws/social/messenger/1/" - -
None - - [04/Nov/2020:17:44:56] "WSCONNECTING /ws/social/messenger/1/" - -
None - - [04/Nov/2020:17:44:56] "WSCONNECT /ws/social/messenger/1/" - -
None - - [04/Nov/2020:18:02:03] "WSDISCONNECT /ws/social/messenger/1/" - -
None - - [04/Nov/2020:18:58:52] "WSCONNECTING /ws/social/messenger/1/" - -
None - - [04/Nov/2020:18:58:52] "WSCONNECT /ws/social/messenger/1/" - -
None - - [04/Nov/2020:19:05:10] "WSDISCONNECT /ws/social/messenger/1/" - -
None - - [04/Nov/2020:19:05:10] "WSCONNECTING /ws/social/messenger/1/" - -
None - - [04/Nov/2020:19:05:11] "WSCONNECT /ws/social/messenger/1/" - -
None - - [04/Nov/2020:19:05:44] "WSDISCONNECT /ws/social/messenger/1/" - -
None - - [04/Nov/2020:19:05:44] "WSCONNECTING /ws/social/messenger/1/" - -
None - - [04/Nov/2020:19:05:44] "WSCONNECT /ws/social/messenger/1/" - -
None - - [04/Nov/2020:19:06:12] "WSDISCONNECT /ws/social/messenger/1/" - -
None - - [04/Nov/2020:19:06:13] "WSCONNECTING /ws/social/messenger/1/" - -
None - - [04/Nov/2020:19:06:13] "WSCONNECT /ws/social/messenger/1/" - -
None - - [04/Nov/2020:19:06:50] "WSDISCONNECT /ws/social/messenger/1/" - -
None - - [04/Nov/2020:19:06:54] "WSCONNECTING /ws/social/messenger/1/" - -
None - - [04/Nov/2020:19:06:54] "WSCONNECT /ws/social/messenger/1/" - -
None - - [04/Nov/2020:19:07:00] "WSDISCONNECT /ws/social/messenger/1/" - -
None - - [04/Nov/2020:19:07:01] "WSCONNECTING /ws/social/messenger/1/" - -
None - - [04/Nov/2020:19:07:01] "WSCONNECT /ws/social/messenger/1/" - -
None - - [04/Nov/2020:19:15:33] "WSDISCONNECT /ws/social/messenger/1/" - -
None - - [04/Nov/2020:19:17:26] "WSCONNECTING /ws/social/messenger/1/" - -
None - - [04/Nov/2020:19:17:26] "WSCONNECT /ws/social/messenger/1/" - -
None - - [04/Nov/2020:19:17:53] "WSCONNECTING /ws/social/messenger/1/" - -
None - - [04/Nov/2020:19:17:53] "WSCONNECT /ws/social/messenger/1/" - -
None - - [04/Nov/2020:19:18:07] "WSDISCONNECT /ws/social/messenger/1/" - -
None - - [04/Nov/2020:19:22:21] "WSDISCONNECT /ws/social/messenger/1/" - -
None - - [04/Nov/2020:19:22:39] "WSCONNECTING /ws/social/messenger/1/" - -
None - - [04/Nov/2020:19:22:39] "WSCONNECT /ws/social/messenger/1/" - -
None - - [04/Nov/2020:19:24:53] "WSDISCONNECT /ws/social/messenger/1/" - -
None - - [04/Nov/2020:19:24:53] "WSCONNECTING /ws/social/messenger/1/" - -
None - - [04/Nov/2020:19:24:53] "WSCONNECT /ws/social/messenger/1/" - -
None - - [04/Nov/2020:19:25:22] "WSDISCONNECT /ws/social/messenger/1/" - -
None - - [04/Nov/2020:19:25:23] "WSCONNECTING /ws/social/messenger/1/" - -
None - - [04/Nov/2020:19:25:23] "WSCONNECT /ws/social/messenger/1/" - -
None - - [04/Nov/2020:19:27:55] "WSDISCONNECT /ws/social/messenger/1/" - -
None - - [04/Nov/2020:19:28:16] "WSCONNECTING /ws/social/messenger/1/" - -
None - - [04/Nov/2020:19:28:16] "WSCONNECT /ws/social/messenger/1/" - -
None - - [04/Nov/2020:19:28:24] "WSDISCONNECT /ws/social/messenger/1/" - -
None - - [04/Nov/2020:19:28:24] "WSCONNECTING /ws/social/messenger/1/" - -
None - - [04/Nov/2020:19:28:24] "WSCONNECT /ws/social/messenger/1/" - -
None - - [04/Nov/2020:19:28:31] "WSDISCONNECT /ws/social/messenger/1/" - -
None - - [04/Nov/2020:19:28:44] "WSCONNECTING /ws/social/messenger/1/" - -
None - - [04/Nov/2020:19:28:44] "WSCONNECT /ws/social/messenger/1/" - -
None - - [04/Nov/2020:19:28:46] "WSDISCONNECT /ws/social/messenger/1/" - -
None - - [04/Nov/2020:19:28:46] "WSCONNECTING /ws/social/messenger/1/" - -
None - - [04/Nov/2020:19:28:46] "WSCONNECT /ws/social/messenger/1/" - -
None - - [04/Nov/2020:19:28:47] "WSDISCONNECT /ws/social/messenger/1/" - -
None - - [04/Nov/2020:19:28:48] "WSCONNECTING /ws/social/messenger/1/" - -
None - - [04/Nov/2020:19:28:48] "WSCONNECT /ws/social/messenger/1/" - -
None - - [04/Nov/2020:19:29:19] "WSDISCONNECT /ws/social/messenger/1/" - -
None - - [04/Nov/2020:19:29:22] "WSCONNECTING /ws/social/messenger/1/" - -
None - - [04/Nov/2020:19:29:22] "WSCONNECT /ws/social/messenger/1/" - -
None - - [04/Nov/2020:19:29:41] "WSDISCONNECT /ws/social/messenger/1/" - -
2020-11-05 05:24:30,329 INFO     Killed 2 pending application instances
None - - [04/Nov/2020:19:29:44] "WSCONNECTING /ws/social/messenger/1/" - -
None - - [04/Nov/2020:19:29:44] "WSCONNECT /ws/social/messenger/1/" - -
None - - [04/Nov/2020:19:30:06] "WSCONNECTING /ws/social/messenger/1/" - -
None - - [04/Nov/2020:19:30:06] "WSCONNECT /ws/social/messenger/1/" - -
None - - [04/Nov/2020:19:30:09] "WSDISCONNECT /ws/social/messenger/1/" - -
None - - [04/Nov/2020:19:30:09] "WSCONNECTING /ws/social/messenger/1/" - -
None - - [04/Nov/2020:19:30:09] "WSCONNECT /ws/social/messenger/1/" - -
None - - [04/Nov/2020:19:30:27] "WSDISCONNECT /ws/social/messenger/1/" - -
None - - [04/Nov/2020:19:30:31] "WSCONNECTING /ws/social/messenger/1/" - -
None - - [04/Nov/2020:19:30:31] "WSCONNECT /ws/social/messenger/1/" - -
None - - [04/Nov/2020:19:31:20] "WSDISCONNECT /ws/social/messenger/1/" - -
None - - [04/Nov/2020:19:31:57] "WSDISCONNECT /ws/social/messenger/1/" - -
None - - [04/Nov/2020:19:31:58] "WSCONNECTING /ws/social/messenger/1/" - -
None - - [04/Nov/2020:19:31:58] "WSCONNECT /ws/social/messenger/1/" - -
None - - [04/Nov/2020:19:33:54] "WSDISCONNECT /ws/social/messenger/1/" - -
None - - [04/Nov/2020:19:43:31] "WSCONNECTING /ws/social/messenger/1/" - -
None - - [04/Nov/2020:19:43:31] "WSCONNECT /ws/social/messenger/1/" - -
None - - [04/Nov/2020:19:51:43] "WSDISCONNECT /ws/social/messenger/1/" - -
None - - [04/Nov/2020:19:51:52] "WSCONNECTING /ws/social/messenger/1/" - -
None - - [04/Nov/2020:19:51:52] "WSCONNECT /ws/social/messenger/1/" - -
None - - [04/Nov/2020:19:52:01] "WSDISCONNECT /ws/social/messenger/1/" - -
None - - [04/Nov/2020:19:52:45] "WSCONNECTING /ws/social/messenger/1/" - -
None - - [04/Nov/2020:19:52:45] "WSCONNECT /ws/social/messenger/1/" - -
None - - [04/Nov/2020:19:53:12] "WSDISCONNECT /ws/social/messenger/1/" - -
None - - [04/Nov/2020:19:53:18] "WSCONNECTING /ws/social/messenger/1/" - -
None - - [04/Nov/2020:19:53:18] "WSCONNECT /ws/social/messenger/1/" - -
None - - [04/Nov/2020:19:54:02] "WSDISCONNECT /ws/social/messenger/1/" - -
None - - [04/Nov/2020:19:54:02] "WSCONNECTING /ws/social/messenger/1/" - -
None - - [04/Nov/2020:19:54:02] "WSCONNECT /ws/social/messenger/1/" - -
None - - [04/Nov/2020:19:54:24] "WSDISCONNECT /ws/social/messenger/1/" - -
None - - [04/Nov/2020:19:54:27] "WSCONNECTING /ws/social/messenger/1/" - -
None - - [04/Nov/2020:19:54:27] "WSCONNECT /ws/social/messenger/1/" - -
None - - [04/Nov/2020:19:54:29] "WSDISCONNECT /ws/social/messenger/1/" - -
None - - [04/Nov/2020:19:54:32] "WSCONNECTING /ws/social/messenger/1/" - -
None - - [04/Nov/2020:19:54:32] "WSCONNECT /ws/social/messenger/1/" - -
None - - [04/Nov/2020:19:54:39] "WSDISCONNECT /ws/social/messenger/1/" - -
None - - [04/Nov/2020:19:54:39] "WSCONNECTING /ws/social/messenger/1/" - -
None - - [04/Nov/2020:19:54:39] "WSCONNECT /ws/social/messenger/1/" - -
None - - [04/Nov/2020:19:55:20] "WSDISCONNECT /ws/social/messenger/1/" - -
None - - [05/Nov/2020:04:43:42] "WSCONNECTING /ws/social/messenger/1/" - -
None - - [05/Nov/2020:04:43:42] "WSCONNECT /ws/social/messenger/1/" - -
None - - [05/Nov/2020:04:43:49] "WSCONNECTING /ws/social/messenger/1/" - -
None - - [05/Nov/2020:04:43:49] "WSCONNECT /ws/social/messenger/1/" - -
None - - [05/Nov/2020:04:44:25] "WSDISCONNECT /ws/social/messenger/1/" - -
None - - [05/Nov/2020:04:49:20] "WSCONNECTING /ws/social/messenger/1/" - -
None - - [05/Nov/2020:04:49:20] "WSCONNECT /ws/social/messenger/1/" - -
None - - [05/Nov/2020:04:49:23] "WSDISCONNECT /ws/social/messenger/1/" - -
None - - [05/Nov/2020:04:49:24] "WSCONNECTING /ws/social/messenger/1/" - -
None - - [05/Nov/2020:04:49:24] "WSCONNECT /ws/social/messenger/1/" - -
None - - [05/Nov/2020:05:13:49] "WSCONNECTING /ws/social/messenger/1/" - -
None - - [05/Nov/2020:05:13:49] "WSCONNECT /ws/social/messenger/1/" - -
None - - [05/Nov/2020:05:14:11] "WSDISCONNECT /ws/social/messenger/1/" - -
None - - [05/Nov/2020:05:14:16] "WSCONNECTING /ws/social/messenger/1/" - -
None - - [05/Nov/2020:05:14:16] "WSCONNECT /ws/social/messenger/1/" - -
None - - [05/Nov/2020:05:16:32] "WSDISCONNECT /ws/social/messenger/1/" - -
None - - [05/Nov/2020:05:17:12] "WSCONNECTING /ws/social/messenger/1/" - -
None - - [05/Nov/2020:05:17:12] "WSCONNECT /ws/social/messenger/1/" - -
None - - [05/Nov/2020:05:20:36] "WSDISCONNECT /ws/social/messenger/1/" - -
None - - [05/Nov/2020:05:23:27] "WSDISCONNECT /ws/social/messenger/1/" - -
None - - [05/Nov/2020:05:23:27] "WSCONNECTING /ws/social/messenger/1/" - -
None - - [05/Nov/2020:05:23:27] "WSCONNECT /ws/social/messenger/1/" - -
None - - [05/Nov/2020:05:24:30] "WSDISCONNECT /ws/social/messenger/1/" - -
None - - [05/Nov/2020:05:24:30] "WSDISCONNECT /ws/social/messenger/1/" - -
2020-11-05 05:24:44,667 INFO     Starting server at unix:/tmp/daphne.sock
2020-11-05 05:24:44,668 INFO     HTTP/2 support not enabled (install the http2 and tls Twisted extras)
2020-11-05 05:24:44,668 INFO     Configuring endpoint unix:/tmp/daphne.sock
