2020-11-04 13:56:19,561 INFO     Starting server at tcp:port=8001:interface=127.0.0.1
2020-11-04 13:56:19,562 INFO     HTTP/2 support not enabled (install the http2 and tls Twisted extras)
2020-11-04 13:56:19,562 INFO     Configuring endpoint tcp:port=8001:interface=127.0.0.1
2020-11-04 13:56:19,564 INFO     Listening on TCP address 127.0.0.1:8001
2020-11-04 13:57:34,881 INFO     Killed 0 pending application instances
2020-11-04 13:57:35,814 INFO     Starting server at tcp:port=8001:interface=127.0.0.1
2020-11-04 13:57:35,815 INFO     HTTP/2 support not enabled (install the http2 and tls Twisted extras)
2020-11-04 13:57:35,815 INFO     Configuring endpoint tcp:port=8001:interface=127.0.0.1
2020-11-04 13:57:35,816 INFO     Listening on TCP address 127.0.0.1:8001
2020-11-04 14:00:28,436 INFO     Killed 0 pending application instances
2020-11-04 14:00:29,462 INFO     Starting server at unix:/home/medet/webapps/stello
2020-11-04 14:00:29,462 INFO     HTTP/2 support not enabled (install the http2 and tls Twisted extras)
2020-11-04 14:00:29,463 INFO     Configuring endpoint unix:/home/medet/webapps/stello
2020-11-04 14:00:29,464 CRITICAL Listen failure: Couldn't listen on any:b'/home/medet/webapps/stello': [Errno 98] Address already in use.
2020-11-04 14:00:31,541 INFO     Starting server at unix:/home/medet/webapps/stello
2020-11-04 14:00:31,541 INFO     HTTP/2 support not enabled (install the http2 and tls Twisted extras)
2020-11-04 14:00:31,542 INFO     Configuring endpoint unix:/home/medet/webapps/stello
2020-11-04 14:00:31,543 CRITICAL Listen failure: Couldn't listen on any:b'/home/medet/webapps/stello': [Errno 98] Address already in use.
2020-11-04 14:00:33,757 INFO     Starting server at unix:/home/medet/webapps/stello
2020-11-04 14:00:33,758 INFO     HTTP/2 support not enabled (install the http2 and tls Twisted extras)
2020-11-04 14:00:33,758 INFO     Configuring endpoint unix:/home/medet/webapps/stello
2020-11-04 14:00:33,760 CRITICAL Listen failure: Couldn't listen on any:b'/home/medet/webapps/stello': [Errno 98] Address already in use.
2020-11-04 14:00:35,805 INFO     Starting server at unix:/home/medet/webapps/stello
2020-11-04 14:00:35,805 INFO     HTTP/2 support not enabled (install the http2 and tls Twisted extras)
2020-11-04 14:00:35,806 INFO     Configuring endpoint unix:/home/medet/webapps/stello
2020-11-04 14:00:35,807 CRITICAL Listen failure: Couldn't listen on any:b'/home/medet/webapps/stello': [Errno 98] Address already in use.
2020-11-04 14:00:37,921 INFO     Starting server at unix:/home/medet/webapps/stello
2020-11-04 14:00:37,922 INFO     HTTP/2 support not enabled (install the http2 and tls Twisted extras)
2020-11-04 14:00:37,922 INFO     Configuring endpoint unix:/home/medet/webapps/stello
2020-11-04 14:00:37,923 CRITICAL Listen failure: Couldn't listen on any:b'/home/medet/webapps/stello': [Errno 98] Address already in use.
2020-11-04 14:00:39,962 INFO     Starting server at unix:/home/medet/webapps/stello
2020-11-04 14:00:39,963 INFO     HTTP/2 support not enabled (install the http2 and tls Twisted extras)
2020-11-04 14:00:39,963 INFO     Configuring endpoint unix:/home/medet/webapps/stello
2020-11-04 14:00:39,964 CRITICAL Listen failure: Couldn't listen on any:b'/home/medet/webapps/stello': [Errno 98] Address already in use.
2020-11-04 14:00:41,989 INFO     Starting server at unix:/home/medet/webapps/stello
2020-11-04 14:00:41,989 INFO     HTTP/2 support not enabled (install the http2 and tls Twisted extras)
2020-11-04 14:00:41,989 INFO     Configuring endpoint unix:/home/medet/webapps/stello
2020-11-04 14:00:41,990 CRITICAL Listen failure: Couldn't listen on any:b'/home/medet/webapps/stello': [Errno 98] Address already in use.
2020-11-04 14:00:44,040 INFO     Starting server at unix:/home/medet/webapps/stello
2020-11-04 14:00:44,041 INFO     HTTP/2 support not enabled (install the http2 and tls Twisted extras)
2020-11-04 14:00:44,041 INFO     Configuring endpoint unix:/home/medet/webapps/stello
2020-11-04 14:00:44,042 CRITICAL Listen failure: Couldn't listen on any:b'/home/medet/webapps/stello': [Errno 98] Address already in use.
2020-11-04 14:00:46,096 INFO     Starting server at unix:/home/medet/webapps/stello
2020-11-04 14:00:46,096 INFO     HTTP/2 support not enabled (install the http2 and tls Twisted extras)
2020-11-04 14:00:46,097 INFO     Configuring endpoint unix:/home/medet/webapps/stello
2020-11-04 14:00:46,098 CRITICAL Listen failure: Couldn't listen on any:b'/home/medet/webapps/stello': [Errno 98] Address already in use.
2020-11-04 14:00:48,163 INFO     Starting server at unix:/home/medet/webapps/stello
2020-11-04 14:00:48,164 INFO     HTTP/2 support not enabled (install the http2 and tls Twisted extras)
2020-11-04 14:00:48,164 INFO     Configuring endpoint unix:/home/medet/webapps/stello
2020-11-04 14:00:48,165 CRITICAL Listen failure: Couldn't listen on any:b'/home/medet/webapps/stello': [Errno 98] Address already in use.
2020-11-04 14:00:50,195 INFO     Starting server at unix:/home/medet/webapps/stello
2020-11-04 14:00:50,196 INFO     HTTP/2 support not enabled (install the http2 and tls Twisted extras)
2020-11-04 14:00:50,196 INFO     Configuring endpoint unix:/home/medet/webapps/stello
2020-11-04 14:00:50,197 CRITICAL Listen failure: Couldn't listen on any:b'/home/medet/webapps/stello': [Errno 98] Address already in use.
2020-11-04 14:00:52,257 INFO     Starting server at unix:/home/medet/webapps/stello
2020-11-04 14:00:52,257 INFO     HTTP/2 support not enabled (install the http2 and tls Twisted extras)
2020-11-04 14:00:52,258 INFO     Configuring endpoint unix:/home/medet/webapps/stello
2020-11-04 14:00:52,259 CRITICAL Listen failure: Couldn't listen on any:b'/home/medet/webapps/stello': [Errno 98] Address already in use.
2020-11-04 14:00:53,901 INFO     Starting server at unix:/home/medet/webapps/stello
2020-11-04 14:00:53,901 INFO     HTTP/2 support not enabled (install the http2 and tls Twisted extras)
2020-11-04 14:00:53,901 INFO     Configuring endpoint unix:/home/medet/webapps/stello
2020-11-04 14:00:53,902 CRITICAL Listen failure: Couldn't listen on any:b'/home/medet/webapps/stello': [Errno 98] Address already in use.
2020-11-04 14:00:55,930 INFO     Starting server at unix:/home/medet/webapps/stello
2020-11-04 14:00:55,930 INFO     HTTP/2 support not enabled (install the http2 and tls Twisted extras)
2020-11-04 14:00:55,930 INFO     Configuring endpoint unix:/home/medet/webapps/stello
2020-11-04 14:00:55,932 CRITICAL Listen failure: Couldn't listen on any:b'/home/medet/webapps/stello': [Errno 98] Address already in use.
2020-11-04 14:00:57,972 INFO     Starting server at unix:/home/medet/webapps/stello
2020-11-04 14:00:57,973 INFO     HTTP/2 support not enabled (install the http2 and tls Twisted extras)
2020-11-04 14:00:57,974 INFO     Configuring endpoint unix:/home/medet/webapps/stello
2020-11-04 14:00:57,975 CRITICAL Listen failure: Couldn't listen on any:b'/home/medet/webapps/stello': [Errno 98] Address already in use.
2020-11-04 14:01:01,014 INFO     Starting server at unix:/home/medet/webapps/stello
2020-11-04 14:01:01,014 INFO     HTTP/2 support not enabled (install the http2 and tls Twisted extras)
2020-11-04 14:01:01,015 INFO     Configuring endpoint unix:/home/medet/webapps/stello
2020-11-04 14:01:01,016 CRITICAL Listen failure: Couldn't listen on any:b'/home/medet/webapps/stello': [Errno 98] Address already in use.
2020-11-04 14:01:04,058 INFO     Starting server at unix:/home/medet/webapps/stello
2020-11-04 14:01:04,058 INFO     HTTP/2 support not enabled (install the http2 and tls Twisted extras)
2020-11-04 14:01:04,058 INFO     Configuring endpoint unix:/home/medet/webapps/stello
2020-11-04 14:01:04,059 CRITICAL Listen failure: Couldn't listen on any:b'/home/medet/webapps/stello': [Errno 98] Address already in use.
2020-11-04 14:01:06,104 INFO     Starting server at unix:/home/medet/webapps/stello
2020-11-04 14:01:06,105 INFO     HTTP/2 support not enabled (install the http2 and tls Twisted extras)
2020-11-04 14:01:06,105 INFO     Configuring endpoint unix:/home/medet/webapps/stello
2020-11-04 14:01:06,106 CRITICAL Listen failure: Couldn't listen on any:b'/home/medet/webapps/stello': [Errno 98] Address already in use.
2020-11-04 14:01:08,217 INFO     Starting server at unix:/home/medet/webapps/stello
2020-11-04 14:01:08,219 INFO     HTTP/2 support not enabled (install the http2 and tls Twisted extras)
2020-11-04 14:01:08,219 INFO     Configuring endpoint unix:/home/medet/webapps/stello
2020-11-04 14:01:08,221 CRITICAL Listen failure: Couldn't listen on any:b'/home/medet/webapps/stello': [Errno 98] Address already in use.
2020-11-04 14:01:11,241 INFO     Starting server at unix:/home/medet/webapps/stello
2020-11-04 14:01:11,242 INFO     HTTP/2 support not enabled (install the http2 and tls Twisted extras)
2020-11-04 14:01:11,242 INFO     Configuring endpoint unix:/home/medet/webapps/stello
2020-11-04 14:01:11,243 CRITICAL Listen failure: Couldn't listen on any:b'/home/medet/webapps/stello': [Errno 98] Address already in use.
2020-11-04 14:01:13,339 INFO     Starting server at unix:/home/medet/webapps/stello
2020-11-04 14:01:13,340 INFO     HTTP/2 support not enabled (install the http2 and tls Twisted extras)
2020-11-04 14:01:13,340 INFO     Configuring endpoint unix:/home/medet/webapps/stello
2020-11-04 14:01:13,341 CRITICAL Listen failure: Couldn't listen on any:b'/home/medet/webapps/stello': [Errno 98] Address already in use.
2020-11-04 14:01:15,379 INFO     Starting server at unix:/home/medet/webapps/stello
2020-11-04 14:01:15,380 INFO     HTTP/2 support not enabled (install the http2 and tls Twisted extras)
2020-11-04 14:01:15,381 INFO     Configuring endpoint unix:/home/medet/webapps/stello
2020-11-04 14:01:15,382 CRITICAL Listen failure: Couldn't listen on any:b'/home/medet/webapps/stello': [Errno 98] Address already in use.
2020-11-04 14:01:18,468 INFO     Starting server at unix:/home/medet/webapps/stello
2020-11-04 14:01:18,469 INFO     HTTP/2 support not enabled (install the http2 and tls Twisted extras)
2020-11-04 14:01:18,469 INFO     Configuring endpoint unix:/home/medet/webapps/stello
2020-11-04 14:01:18,470 CRITICAL Listen failure: Couldn't listen on any:b'/home/medet/webapps/stello': [Errno 98] Address already in use.
2020-11-04 14:01:20,529 INFO     Starting server at unix:/home/medet/webapps/stello
2020-11-04 14:01:20,530 INFO     HTTP/2 support not enabled (install the http2 and tls Twisted extras)
2020-11-04 14:01:20,530 INFO     Configuring endpoint unix:/home/medet/webapps/stello
2020-11-04 14:01:20,531 CRITICAL Listen failure: Couldn't listen on any:b'/home/medet/webapps/stello': [Errno 98] Address already in use.
2020-11-04 14:01:23,592 INFO     Starting server at unix:/home/medet/webapps/stello
2020-11-04 14:01:23,593 INFO     HTTP/2 support not enabled (install the http2 and tls Twisted extras)
2020-11-04 14:01:23,593 INFO     Configuring endpoint unix:/home/medet/webapps/stello
2020-11-04 14:01:23,594 CRITICAL Listen failure: Couldn't listen on any:b'/home/medet/webapps/stello': [Errno 98] Address already in use.
2020-11-04 14:01:25,621 INFO     Starting server at unix:/home/medet/webapps/stello
2020-11-04 14:01:25,621 INFO     HTTP/2 support not enabled (install the http2 and tls Twisted extras)
2020-11-04 14:01:25,622 INFO     Configuring endpoint unix:/home/medet/webapps/stello
2020-11-04 14:01:25,623 CRITICAL Listen failure: Couldn't listen on any:b'/home/medet/webapps/stello': [Errno 98] Address already in use.
2020-11-04 14:01:27,699 INFO     Starting server at unix:/home/medet/webapps/stello
2020-11-04 14:01:27,699 INFO     HTTP/2 support not enabled (install the http2 and tls Twisted extras)
2020-11-04 14:01:27,699 INFO     Configuring endpoint unix:/home/medet/webapps/stello
2020-11-04 14:01:27,700 CRITICAL Listen failure: Couldn't listen on any:b'/home/medet/webapps/stello': [Errno 98] Address already in use.
2020-11-04 14:01:29,760 INFO     Starting server at unix:/home/medet/webapps/stello
2020-11-04 14:01:29,760 INFO     HTTP/2 support not enabled (install the http2 and tls Twisted extras)
2020-11-04 14:01:29,761 INFO     Configuring endpoint unix:/home/medet/webapps/stello
2020-11-04 14:01:29,762 CRITICAL Listen failure: Couldn't listen on any:b'/home/medet/webapps/stello': [Errno 98] Address already in use.
2020-11-04 14:01:31,823 INFO     Starting server at unix:/home/medet/webapps/stello
2020-11-04 14:01:31,824 INFO     HTTP/2 support not enabled (install the http2 and tls Twisted extras)
2020-11-04 14:01:31,824 INFO     Configuring endpoint unix:/home/medet/webapps/stello
2020-11-04 14:01:31,825 CRITICAL Listen failure: Couldn't listen on any:b'/home/medet/webapps/stello': [Errno 98] Address already in use.
2020-11-04 14:01:33,868 INFO     Starting server at unix:/home/medet/webapps/stello
2020-11-04 14:01:33,868 INFO     HTTP/2 support not enabled (install the http2 and tls Twisted extras)
2020-11-04 14:01:33,869 INFO     Configuring endpoint unix:/home/medet/webapps/stello
2020-11-04 14:01:33,870 CRITICAL Listen failure: Couldn't listen on any:b'/home/medet/webapps/stello': [Errno 98] Address already in use.
2020-11-04 14:01:36,904 INFO     Starting server at unix:/home/medet/webapps/stello
2020-11-04 14:01:36,905 INFO     HTTP/2 support not enabled (install the http2 and tls Twisted extras)
2020-11-04 14:01:36,905 INFO     Configuring endpoint unix:/home/medet/webapps/stello
2020-11-04 14:01:36,906 CRITICAL Listen failure: Couldn't listen on any:b'/home/medet/webapps/stello': [Errno 98] Address already in use.
2020-11-04 14:01:38,926 INFO     Starting server at unix:/home/medet/webapps/stello
2020-11-04 14:01:38,927 INFO     HTTP/2 support not enabled (install the http2 and tls Twisted extras)
2020-11-04 14:01:38,927 INFO     Configuring endpoint unix:/home/medet/webapps/stello
2020-11-04 14:01:38,928 CRITICAL Listen failure: Couldn't listen on any:b'/home/medet/webapps/stello': [Errno 98] Address already in use.
2020-11-04 14:01:40,960 INFO     Starting server at unix:/home/medet/webapps/stello
2020-11-04 14:01:40,960 INFO     HTTP/2 support not enabled (install the http2 and tls Twisted extras)
2020-11-04 14:01:40,961 INFO     Configuring endpoint unix:/home/medet/webapps/stello
2020-11-04 14:01:40,962 CRITICAL Listen failure: Couldn't listen on any:b'/home/medet/webapps/stello': [Errno 98] Address already in use.
2020-11-04 14:01:43,012 INFO     Starting server at unix:/home/medet/webapps/stello
2020-11-04 14:01:43,013 INFO     HTTP/2 support not enabled (install the http2 and tls Twisted extras)
2020-11-04 14:01:43,013 INFO     Configuring endpoint unix:/home/medet/webapps/stello
2020-11-04 14:01:43,014 CRITICAL Listen failure: Couldn't listen on any:b'/home/medet/webapps/stello': [Errno 98] Address already in use.
2020-11-04 14:01:45,036 INFO     Starting server at unix:/home/medet/webapps/stello
2020-11-04 14:01:45,036 INFO     HTTP/2 support not enabled (install the http2 and tls Twisted extras)
2020-11-04 14:01:45,036 INFO     Configuring endpoint unix:/home/medet/webapps/stello
2020-11-04 14:01:45,037 CRITICAL Listen failure: Couldn't listen on any:b'/home/medet/webapps/stello': [Errno 98] Address already in use.
2020-11-04 14:01:47,082 INFO     Starting server at unix:/home/medet/webapps/stello
2020-11-04 14:01:47,083 INFO     HTTP/2 support not enabled (install the http2 and tls Twisted extras)
2020-11-04 14:01:47,083 INFO     Configuring endpoint unix:/home/medet/webapps/stello
2020-11-04 14:01:47,084 CRITICAL Listen failure: Couldn't listen on any:b'/home/medet/webapps/stello': [Errno 98] Address already in use.
2020-11-04 14:01:49,167 INFO     Starting server at unix:/home/medet/webapps/stello
2020-11-04 14:01:49,168 INFO     HTTP/2 support not enabled (install the http2 and tls Twisted extras)
2020-11-04 14:01:49,168 INFO     Configuring endpoint unix:/home/medet/webapps/stello
2020-11-04 14:01:49,169 CRITICAL Listen failure: Couldn't listen on any:b'/home/medet/webapps/stello': [Errno 98] Address already in use.
2020-11-04 14:01:51,225 INFO     Starting server at unix:/home/medet/webapps/stello
2020-11-04 14:01:51,225 INFO     HTTP/2 support not enabled (install the http2 and tls Twisted extras)
2020-11-04 14:01:51,225 INFO     Configuring endpoint unix:/home/medet/webapps/stello
2020-11-04 14:01:51,227 CRITICAL Listen failure: Couldn't listen on any:b'/home/medet/webapps/stello': [Errno 98] Address already in use.
2020-11-04 14:01:53,291 INFO     Starting server at unix:/home/medet/webapps/stello
2020-11-04 14:01:53,292 INFO     HTTP/2 support not enabled (install the http2 and tls Twisted extras)
2020-11-04 14:01:53,292 INFO     Configuring endpoint unix:/home/medet/webapps/stello
2020-11-04 14:01:53,293 CRITICAL Listen failure: Couldn't listen on any:b'/home/medet/webapps/stello': [Errno 98] Address already in use.
2020-11-04 14:01:55,348 INFO     Starting server at unix:/home/medet/webapps/stello
2020-11-04 14:01:55,348 INFO     HTTP/2 support not enabled (install the http2 and tls Twisted extras)
2020-11-04 14:01:55,348 INFO     Configuring endpoint unix:/home/medet/webapps/stello
2020-11-04 14:01:55,349 CRITICAL Listen failure: Couldn't listen on any:b'/home/medet/webapps/stello': [Errno 98] Address already in use.
2020-11-04 14:01:57,370 INFO     Starting server at unix:/home/medet/webapps/stello
2020-11-04 14:01:57,370 INFO     HTTP/2 support not enabled (install the http2 and tls Twisted extras)
2020-11-04 14:01:57,370 INFO     Configuring endpoint unix:/home/medet/webapps/stello
2020-11-04 14:01:57,372 CRITICAL Listen failure: Couldn't listen on any:b'/home/medet/webapps/stello': [Errno 98] Address already in use.
2020-11-04 14:01:59,446 INFO     Starting server at unix:/home/medet/webapps/stello
2020-11-04 14:01:59,446 INFO     HTTP/2 support not enabled (install the http2 and tls Twisted extras)
2020-11-04 14:01:59,447 INFO     Configuring endpoint unix:/home/medet/webapps/stello
2020-11-04 14:01:59,448 CRITICAL Listen failure: Couldn't listen on any:b'/home/medet/webapps/stello': [Errno 98] Address already in use.
2020-11-04 14:02:01,489 INFO     Starting server at unix:/home/medet/webapps/stello
2020-11-04 14:02:01,490 INFO     HTTP/2 support not enabled (install the http2 and tls Twisted extras)
2020-11-04 14:02:01,490 INFO     Configuring endpoint unix:/home/medet/webapps/stello
2020-11-04 14:02:01,491 CRITICAL Listen failure: Couldn't listen on any:b'/home/medet/webapps/stello': [Errno 98] Address already in use.
2020-11-04 14:02:03,547 INFO     Starting server at unix:/home/medet/webapps/stello
2020-11-04 14:02:03,548 INFO     HTTP/2 support not enabled (install the http2 and tls Twisted extras)
2020-11-04 14:02:03,548 INFO     Configuring endpoint unix:/home/medet/webapps/stello
2020-11-04 14:02:03,549 CRITICAL Listen failure: Couldn't listen on any:b'/home/medet/webapps/stello': [Errno 98] Address already in use.
2020-11-04 14:02:05,646 INFO     Starting server at unix:/home/medet/webapps/stello
2020-11-04 14:02:05,646 INFO     HTTP/2 support not enabled (install the http2 and tls Twisted extras)
2020-11-04 14:02:05,646 INFO     Configuring endpoint unix:/home/medet/webapps/stello
2020-11-04 14:02:05,648 CRITICAL Listen failure: Couldn't listen on any:b'/home/medet/webapps/stello': [Errno 98] Address already in use.
2020-11-04 14:02:07,701 INFO     Starting server at unix:/home/medet/webapps/stello
2020-11-04 14:02:07,702 INFO     HTTP/2 support not enabled (install the http2 and tls Twisted extras)
2020-11-04 14:02:07,702 INFO     Configuring endpoint unix:/home/medet/webapps/stello
2020-11-04 14:02:07,703 CRITICAL Listen failure: Couldn't listen on any:b'/home/medet/webapps/stello': [Errno 98] Address already in use.
2020-11-04 14:02:09,761 INFO     Starting server at unix:/home/medet/webapps/stello
2020-11-04 14:02:09,762 INFO     HTTP/2 support not enabled (install the http2 and tls Twisted extras)
2020-11-04 14:02:09,762 INFO     Configuring endpoint unix:/home/medet/webapps/stello
2020-11-04 14:02:09,763 CRITICAL Listen failure: Couldn't listen on any:b'/home/medet/webapps/stello': [Errno 98] Address already in use.
2020-11-04 14:02:11,807 INFO     Starting server at unix:/home/medet/webapps/stello
2020-11-04 14:02:11,808 INFO     HTTP/2 support not enabled (install the http2 and tls Twisted extras)
2020-11-04 14:02:11,808 INFO     Configuring endpoint unix:/home/medet/webapps/stello
2020-11-04 14:02:11,809 CRITICAL Listen failure: Couldn't listen on any:b'/home/medet/webapps/stello': [Errno 98] Address already in use.
2020-11-04 14:02:13,897 INFO     Starting server at unix:/home/medet/webapps/stello
2020-11-04 14:02:13,898 INFO     HTTP/2 support not enabled (install the http2 and tls Twisted extras)
2020-11-04 14:02:13,898 INFO     Configuring endpoint unix:/home/medet/webapps/stello
2020-11-04 14:02:13,899 CRITICAL Listen failure: Couldn't listen on any:b'/home/medet/webapps/stello': [Errno 98] Address already in use.
2020-11-04 14:02:15,935 INFO     Starting server at unix:/home/medet/webapps/stello
2020-11-04 14:02:15,936 INFO     HTTP/2 support not enabled (install the http2 and tls Twisted extras)
2020-11-04 14:02:15,936 INFO     Configuring endpoint unix:/home/medet/webapps/stello
2020-11-04 14:02:15,937 CRITICAL Listen failure: Couldn't listen on any:b'/home/medet/webapps/stello': [Errno 98] Address already in use.
2020-11-04 14:02:17,980 INFO     Starting server at unix:/home/medet/webapps/stello
2020-11-04 14:02:17,981 INFO     HTTP/2 support not enabled (install the http2 and tls Twisted extras)
2020-11-04 14:02:17,981 INFO     Configuring endpoint unix:/home/medet/webapps/stello
2020-11-04 14:02:17,983 CRITICAL Listen failure: Couldn't listen on any:b'/home/medet/webapps/stello': [Errno 98] Address already in use.
2020-11-04 14:02:20,019 INFO     Starting server at unix:/home/medet/webapps/stello
2020-11-04 14:02:20,019 INFO     HTTP/2 support not enabled (install the http2 and tls Twisted extras)
2020-11-04 14:02:20,019 INFO     Configuring endpoint unix:/home/medet/webapps/stello
2020-11-04 14:02:20,020 CRITICAL Listen failure: Couldn't listen on any:b'/home/medet/webapps/stello': [Errno 98] Address already in use.
2020-11-04 14:02:21,976 INFO     Starting server at unix:/home/medet/webapps/stello
2020-11-04 14:02:21,977 INFO     HTTP/2 support not enabled (install the http2 and tls Twisted extras)
2020-11-04 14:02:21,977 INFO     Configuring endpoint unix:/home/medet/webapps/stello
2020-11-04 14:02:21,979 CRITICAL Listen failure: Couldn't listen on any:b'/home/medet/webapps/stello': [Errno 98] Address already in use.
2020-11-04 14:02:25,111 INFO     Starting server at unix:/home/medet/webapps/stello
2020-11-04 14:02:25,112 INFO     HTTP/2 support not enabled (install the http2 and tls Twisted extras)
2020-11-04 14:02:25,112 INFO     Configuring endpoint unix:/home/medet/webapps/stello
2020-11-04 14:02:25,114 CRITICAL Listen failure: Couldn't listen on any:b'/home/medet/webapps/stello': [Errno 98] Address already in use.
2020-11-04 14:02:28,186 INFO     Starting server at unix:/home/medet/webapps/stello
2020-11-04 14:02:28,187 INFO     HTTP/2 support not enabled (install the http2 and tls Twisted extras)
2020-11-04 14:02:28,187 INFO     Configuring endpoint unix:/home/medet/webapps/stello
2020-11-04 14:02:28,188 CRITICAL Listen failure: Couldn't listen on any:b'/home/medet/webapps/stello': [Errno 98] Address already in use.
2020-11-04 14:02:31,377 INFO     Starting server at unix:/home/medet/webapps/stello
2020-11-04 14:02:31,378 INFO     HTTP/2 support not enabled (install the http2 and tls Twisted extras)
2020-11-04 14:02:31,379 INFO     Configuring endpoint unix:/home/medet/webapps/stello
2020-11-04 14:02:31,380 CRITICAL Listen failure: Couldn't listen on any:b'/home/medet/webapps/stello': [Errno 98] Address already in use.
2020-11-04 14:02:34,413 INFO     Starting server at unix:/home/medet/webapps/stello
2020-11-04 14:02:34,414 INFO     HTTP/2 support not enabled (install the http2 and tls Twisted extras)
2020-11-04 14:02:34,414 INFO     Configuring endpoint unix:/home/medet/webapps/stello
2020-11-04 14:02:34,415 CRITICAL Listen failure: Couldn't listen on any:b'/home/medet/webapps/stello': [Errno 98] Address already in use.
2020-11-04 14:02:37,470 INFO     Starting server at unix:/home/medet/webapps/stello
2020-11-04 14:02:37,471 INFO     HTTP/2 support not enabled (install the http2 and tls Twisted extras)
2020-11-04 14:02:37,471 INFO     Configuring endpoint unix:/home/medet/webapps/stello
2020-11-04 14:02:37,473 CRITICAL Listen failure: Couldn't listen on any:b'/home/medet/webapps/stello': [Errno 98] Address already in use.
2020-11-04 14:02:40,531 INFO     Starting server at unix:/home/medet/webapps/stello
2020-11-04 14:02:40,531 INFO     HTTP/2 support not enabled (install the http2 and tls Twisted extras)
2020-11-04 14:02:40,532 INFO     Configuring endpoint unix:/home/medet/webapps/stello
2020-11-04 14:02:40,533 CRITICAL Listen failure: Couldn't listen on any:b'/home/medet/webapps/stello': [Errno 98] Address already in use.
2020-11-04 14:02:43,621 INFO     Starting server at unix:/home/medet/webapps/stello
2020-11-04 14:02:43,622 INFO     HTTP/2 support not enabled (install the http2 and tls Twisted extras)
2020-11-04 14:02:43,623 INFO     Configuring endpoint unix:/home/medet/webapps/stello
2020-11-04 14:02:43,624 CRITICAL Listen failure: Couldn't listen on any:b'/home/medet/webapps/stello': [Errno 98] Address already in use.
2020-11-04 14:02:46,709 INFO     Starting server at unix:/home/medet/webapps/stello
2020-11-04 14:02:46,710 INFO     HTTP/2 support not enabled (install the http2 and tls Twisted extras)
2020-11-04 14:02:46,710 INFO     Configuring endpoint unix:/home/medet/webapps/stello
2020-11-04 14:02:46,711 CRITICAL Listen failure: Couldn't listen on any:b'/home/medet/webapps/stello': [Errno 98] Address already in use.
2020-11-04 14:02:49,752 INFO     Starting server at unix:/home/medet/webapps/stello
2020-11-04 14:02:49,753 INFO     HTTP/2 support not enabled (install the http2 and tls Twisted extras)
2020-11-04 14:02:49,753 INFO     Configuring endpoint unix:/home/medet/webapps/stello
2020-11-04 14:02:49,754 CRITICAL Listen failure: Couldn't listen on any:b'/home/medet/webapps/stello': [Errno 98] Address already in use.
2020-11-04 14:02:51,848 INFO     Starting server at unix:/home/medet/webapps/stello
2020-11-04 14:02:51,848 INFO     HTTP/2 support not enabled (install the http2 and tls Twisted extras)
2020-11-04 14:02:51,849 INFO     Configuring endpoint unix:/home/medet/webapps/stello
2020-11-04 14:02:51,850 CRITICAL Listen failure: Couldn't listen on any:b'/home/medet/webapps/stello': [Errno 98] Address already in use.
2020-11-04 14:02:53,933 INFO     Starting server at unix:/home/medet/webapps/stello
2020-11-04 14:02:53,934 INFO     HTTP/2 support not enabled (install the http2 and tls Twisted extras)
2020-11-04 14:02:53,934 INFO     Configuring endpoint unix:/home/medet/webapps/stello
2020-11-04 14:02:53,935 CRITICAL Listen failure: Couldn't listen on any:b'/home/medet/webapps/stello': [Errno 98] Address already in use.
2020-11-04 14:02:55,980 INFO     Starting server at unix:/home/medet/webapps/stello
2020-11-04 14:02:55,981 INFO     HTTP/2 support not enabled (install the http2 and tls Twisted extras)
2020-11-04 14:02:55,981 INFO     Configuring endpoint unix:/home/medet/webapps/stello
2020-11-04 14:02:55,982 CRITICAL Listen failure: Couldn't listen on any:b'/home/medet/webapps/stello': [Errno 98] Address already in use.
2020-11-04 14:02:58,134 INFO     Starting server at unix:/home/medet/webapps/stello
2020-11-04 14:02:58,134 INFO     HTTP/2 support not enabled (install the http2 and tls Twisted extras)
2020-11-04 14:02:58,135 INFO     Configuring endpoint unix:/home/medet/webapps/stello
2020-11-04 14:02:58,136 CRITICAL Listen failure: Couldn't listen on any:b'/home/medet/webapps/stello': [Errno 98] Address already in use.
2020-11-04 14:03:00,344 INFO     Starting server at unix:/home/medet/webapps/stello
2020-11-04 14:03:00,345 INFO     HTTP/2 support not enabled (install the http2 and tls Twisted extras)
2020-11-04 14:03:00,345 INFO     Configuring endpoint unix:/home/medet/webapps/stello
2020-11-04 14:03:00,346 CRITICAL Listen failure: Couldn't listen on any:b'/home/medet/webapps/stello': [Errno 98] Address already in use.
2020-11-04 14:03:02,401 INFO     Starting server at unix:/home/medet/webapps/stello
2020-11-04 14:03:02,402 INFO     HTTP/2 support not enabled (install the http2 and tls Twisted extras)
2020-11-04 14:03:02,402 INFO     Configuring endpoint unix:/home/medet/webapps/stello
2020-11-04 14:03:02,403 CRITICAL Listen failure: Couldn't listen on any:b'/home/medet/webapps/stello': [Errno 98] Address already in use.
2020-11-04 14:03:04,361 INFO     Starting server at unix:/home/medet/webapps/stello
2020-11-04 14:03:04,362 INFO     HTTP/2 support not enabled (install the http2 and tls Twisted extras)
2020-11-04 14:03:04,362 INFO     Configuring endpoint unix:/home/medet/webapps/stello
2020-11-04 14:03:04,363 CRITICAL Listen failure: Couldn't listen on any:b'/home/medet/webapps/stello': [Errno 98] Address already in use.
2020-11-04 14:03:06,306 INFO     Starting server at unix:/home/medet/webapps/stello
2020-11-04 14:03:06,307 INFO     HTTP/2 support not enabled (install the http2 and tls Twisted extras)
2020-11-04 14:03:06,307 INFO     Configuring endpoint unix:/home/medet/webapps/stello
2020-11-04 14:03:06,308 CRITICAL Listen failure: Couldn't listen on any:b'/home/medet/webapps/stello': [Errno 98] Address already in use.
2020-11-04 14:03:09,265 INFO     Starting server at unix:/home/medet/webapps/stello
2020-11-04 14:03:09,266 INFO     HTTP/2 support not enabled (install the http2 and tls Twisted extras)
2020-11-04 14:03:09,266 INFO     Configuring endpoint unix:/home/medet/webapps/stello
2020-11-04 14:03:09,267 CRITICAL Listen failure: Couldn't listen on any:b'/home/medet/webapps/stello': [Errno 98] Address already in use.
2020-11-04 14:03:13,319 INFO     Starting server at unix:/home/medet/webapps/stello
2020-11-04 14:03:13,320 INFO     HTTP/2 support not enabled (install the http2 and tls Twisted extras)
2020-11-04 14:03:13,320 INFO     Configuring endpoint unix:/home/medet/webapps/stello
2020-11-04 14:03:13,321 CRITICAL Listen failure: Couldn't listen on any:b'/home/medet/webapps/stello': [Errno 98] Address already in use.
2020-11-04 14:03:15,389 INFO     Starting server at unix:/home/medet/webapps/stello
2020-11-04 14:03:15,389 INFO     HTTP/2 support not enabled (install the http2 and tls Twisted extras)
2020-11-04 14:03:15,389 INFO     Configuring endpoint unix:/home/medet/webapps/stello
2020-11-04 14:03:15,390 CRITICAL Listen failure: Couldn't listen on any:b'/home/medet/webapps/stello': [Errno 98] Address already in use.
2020-11-04 14:03:17,453 INFO     Starting server at unix:/home/medet/webapps/stello
2020-11-04 14:03:17,453 INFO     HTTP/2 support not enabled (install the http2 and tls Twisted extras)
2020-11-04 14:03:17,454 INFO     Configuring endpoint unix:/home/medet/webapps/stello
2020-11-04 14:03:17,455 CRITICAL Listen failure: Couldn't listen on any:b'/home/medet/webapps/stello': [Errno 98] Address already in use.
2020-11-04 14:03:19,491 INFO     Starting server at unix:/home/medet/webapps/stello
2020-11-04 14:03:19,491 INFO     HTTP/2 support not enabled (install the http2 and tls Twisted extras)
2020-11-04 14:03:19,492 INFO     Configuring endpoint unix:/home/medet/webapps/stello
2020-11-04 14:03:19,492 CRITICAL Listen failure: Couldn't listen on any:b'/home/medet/webapps/stello': [Errno 98] Address already in use.
2020-11-04 14:03:21,537 INFO     Starting server at unix:/home/medet/webapps/stello
2020-11-04 14:03:21,537 INFO     HTTP/2 support not enabled (install the http2 and tls Twisted extras)
2020-11-04 14:03:21,537 INFO     Configuring endpoint unix:/home/medet/webapps/stello
2020-11-04 14:03:21,538 CRITICAL Listen failure: Couldn't listen on any:b'/home/medet/webapps/stello': [Errno 98] Address already in use.
2020-11-04 14:03:23,682 INFO     Starting server at unix:/home/medet/webapps/stello
2020-11-04 14:03:23,682 INFO     HTTP/2 support not enabled (install the http2 and tls Twisted extras)
2020-11-04 14:03:23,683 INFO     Configuring endpoint unix:/home/medet/webapps/stello
2020-11-04 14:03:23,684 CRITICAL Listen failure: Couldn't listen on any:b'/home/medet/webapps/stello': [Errno 98] Address already in use.
2020-11-04 14:03:25,724 INFO     Starting server at unix:/home/medet/webapps/stello
2020-11-04 14:03:25,725 INFO     HTTP/2 support not enabled (install the http2 and tls Twisted extras)
2020-11-04 14:03:25,725 INFO     Configuring endpoint unix:/home/medet/webapps/stello
2020-11-04 14:03:25,726 CRITICAL Listen failure: Couldn't listen on any:b'/home/medet/webapps/stello': [Errno 98] Address already in use.
2020-11-04 14:03:27,802 INFO     Starting server at unix:/home/medet/webapps/stello
2020-11-04 14:03:27,802 INFO     HTTP/2 support not enabled (install the http2 and tls Twisted extras)
2020-11-04 14:03:27,802 INFO     Configuring endpoint unix:/home/medet/webapps/stello
2020-11-04 14:03:27,803 CRITICAL Listen failure: Couldn't listen on any:b'/home/medet/webapps/stello': [Errno 98] Address already in use.
2020-11-04 14:03:29,846 INFO     Starting server at unix:/home/medet/webapps/stello
2020-11-04 14:03:29,847 INFO     HTTP/2 support not enabled (install the http2 and tls Twisted extras)
2020-11-04 14:03:29,847 INFO     Configuring endpoint unix:/home/medet/webapps/stello
2020-11-04 14:03:29,848 CRITICAL Listen failure: Couldn't listen on any:b'/home/medet/webapps/stello': [Errno 98] Address already in use.
2020-11-04 14:03:32,920 INFO     Starting server at unix:/home/medet/webapps/stello
2020-11-04 14:03:32,921 INFO     HTTP/2 support not enabled (install the http2 and tls Twisted extras)
2020-11-04 14:03:32,921 INFO     Configuring endpoint unix:/home/medet/webapps/stello
2020-11-04 14:03:32,922 CRITICAL Listen failure: Couldn't listen on any:b'/home/medet/webapps/stello': [Errno 98] Address already in use.
2020-11-04 14:03:34,977 INFO     Starting server at unix:/home/medet/webapps/stello
2020-11-04 14:03:34,977 INFO     HTTP/2 support not enabled (install the http2 and tls Twisted extras)
2020-11-04 14:03:34,978 INFO     Configuring endpoint unix:/home/medet/webapps/stello
2020-11-04 14:03:34,979 CRITICAL Listen failure: Couldn't listen on any:b'/home/medet/webapps/stello': [Errno 98] Address already in use.
2020-11-04 14:03:37,046 INFO     Starting server at unix:/home/medet/webapps/stello
2020-11-04 14:03:37,046 INFO     HTTP/2 support not enabled (install the http2 and tls Twisted extras)
2020-11-04 14:03:37,046 INFO     Configuring endpoint unix:/home/medet/webapps/stello
2020-11-04 14:03:37,047 CRITICAL Listen failure: Couldn't listen on any:b'/home/medet/webapps/stello': [Errno 98] Address already in use.
2020-11-04 14:03:39,089 INFO     Starting server at unix:/home/medet/webapps/stello
2020-11-04 14:03:39,089 INFO     HTTP/2 support not enabled (install the http2 and tls Twisted extras)
2020-11-04 14:03:39,090 INFO     Configuring endpoint unix:/home/medet/webapps/stello
2020-11-04 14:03:39,091 CRITICAL Listen failure: Couldn't listen on any:b'/home/medet/webapps/stello': [Errno 98] Address already in use.
2020-11-04 14:03:41,121 INFO     Starting server at unix:/home/medet/webapps/stello
2020-11-04 14:03:41,122 INFO     HTTP/2 support not enabled (install the http2 and tls Twisted extras)
2020-11-04 14:03:41,122 INFO     Configuring endpoint unix:/home/medet/webapps/stello
2020-11-04 14:03:41,123 CRITICAL Listen failure: Couldn't listen on any:b'/home/medet/webapps/stello': [Errno 98] Address already in use.
2020-11-04 14:03:43,165 INFO     Starting server at unix:/home/medet/webapps/stello
2020-11-04 14:03:43,165 INFO     HTTP/2 support not enabled (install the http2 and tls Twisted extras)
2020-11-04 14:03:43,166 INFO     Configuring endpoint unix:/home/medet/webapps/stello
2020-11-04 14:03:43,167 CRITICAL Listen failure: Couldn't listen on any:b'/home/medet/webapps/stello': [Errno 98] Address already in use.
2020-11-04 14:03:45,216 INFO     Starting server at unix:/home/medet/webapps/stello
2020-11-04 14:03:45,217 INFO     HTTP/2 support not enabled (install the http2 and tls Twisted extras)
2020-11-04 14:03:45,217 INFO     Configuring endpoint unix:/home/medet/webapps/stello
2020-11-04 14:03:45,218 CRITICAL Listen failure: Couldn't listen on any:b'/home/medet/webapps/stello': [Errno 98] Address already in use.
2020-11-04 14:03:47,273 INFO     Starting server at unix:/home/medet/webapps/stello
2020-11-04 14:03:47,273 INFO     HTTP/2 support not enabled (install the http2 and tls Twisted extras)
2020-11-04 14:03:47,273 INFO     Configuring endpoint unix:/home/medet/webapps/stello
2020-11-04 14:03:47,274 CRITICAL Listen failure: Couldn't listen on any:b'/home/medet/webapps/stello': [Errno 98] Address already in use.
2020-11-04 14:03:49,310 INFO     Starting server at unix:/home/medet/webapps/stello
2020-11-04 14:03:49,310 INFO     HTTP/2 support not enabled (install the http2 and tls Twisted extras)
2020-11-04 14:03:49,311 INFO     Configuring endpoint unix:/home/medet/webapps/stello
2020-11-04 14:03:49,312 CRITICAL Listen failure: Couldn't listen on any:b'/home/medet/webapps/stello': [Errno 98] Address already in use.
2020-11-04 14:03:51,330 INFO     Starting server at unix:/home/medet/webapps/stello
2020-11-04 14:03:51,331 INFO     HTTP/2 support not enabled (install the http2 and tls Twisted extras)
2020-11-04 14:03:51,331 INFO     Configuring endpoint unix:/home/medet/webapps/stello
2020-11-04 14:03:51,332 CRITICAL Listen failure: Couldn't listen on any:b'/home/medet/webapps/stello': [Errno 98] Address already in use.
2020-11-04 14:03:53,400 INFO     Starting server at unix:/home/medet/webapps/stello
2020-11-04 14:03:53,401 INFO     HTTP/2 support not enabled (install the http2 and tls Twisted extras)
2020-11-04 14:03:53,401 INFO     Configuring endpoint unix:/home/medet/webapps/stello
2020-11-04 14:03:53,402 CRITICAL Listen failure: Couldn't listen on any:b'/home/medet/webapps/stello': [Errno 98] Address already in use.
2020-11-04 14:03:55,470 INFO     Starting server at unix:/home/medet/webapps/stello
2020-11-04 14:03:55,470 INFO     HTTP/2 support not enabled (install the http2 and tls Twisted extras)
2020-11-04 14:03:55,471 INFO     Configuring endpoint unix:/home/medet/webapps/stello
2020-11-04 14:03:55,472 CRITICAL Listen failure: Couldn't listen on any:b'/home/medet/webapps/stello': [Errno 98] Address already in use.
2020-11-04 14:03:57,548 INFO     Starting server at unix:/home/medet/webapps/stello
2020-11-04 14:03:57,548 INFO     HTTP/2 support not enabled (install the http2 and tls Twisted extras)
2020-11-04 14:03:57,548 INFO     Configuring endpoint unix:/home/medet/webapps/stello
2020-11-04 14:03:57,550 CRITICAL Listen failure: Couldn't listen on any:b'/home/medet/webapps/stello': [Errno 98] Address already in use.
2020-11-04 14:03:59,581 INFO     Starting server at unix:/home/medet/webapps/stello
2020-11-04 14:03:59,581 INFO     HTTP/2 support not enabled (install the http2 and tls Twisted extras)
2020-11-04 14:03:59,582 INFO     Configuring endpoint unix:/home/medet/webapps/stello
2020-11-04 14:03:59,583 CRITICAL Listen failure: Couldn't listen on any:b'/home/medet/webapps/stello': [Errno 98] Address already in use.
2020-11-04 14:04:01,629 INFO     Starting server at unix:/home/medet/webapps/stello
2020-11-04 14:04:01,629 INFO     HTTP/2 support not enabled (install the http2 and tls Twisted extras)
2020-11-04 14:04:01,629 INFO     Configuring endpoint unix:/home/medet/webapps/stello
2020-11-04 14:04:01,630 CRITICAL Listen failure: Couldn't listen on any:b'/home/medet/webapps/stello': [Errno 98] Address already in use.
2020-11-04 14:04:03,688 INFO     Starting server at unix:/home/medet/webapps/stello
2020-11-04 14:04:03,688 INFO     HTTP/2 support not enabled (install the http2 and tls Twisted extras)
2020-11-04 14:04:03,689 INFO     Configuring endpoint unix:/home/medet/webapps/stello
2020-11-04 14:04:03,690 CRITICAL Listen failure: Couldn't listen on any:b'/home/medet/webapps/stello': [Errno 98] Address already in use.
2020-11-04 14:04:05,710 INFO     Starting server at unix:/home/medet/webapps/stello
2020-11-04 14:04:05,711 INFO     HTTP/2 support not enabled (install the http2 and tls Twisted extras)
2020-11-04 14:04:05,711 INFO     Configuring endpoint unix:/home/medet/webapps/stello
2020-11-04 14:04:05,712 CRITICAL Listen failure: Couldn't listen on any:b'/home/medet/webapps/stello': [Errno 98] Address already in use.
2020-11-04 14:04:07,755 INFO     Starting server at unix:/home/medet/webapps/stello
2020-11-04 14:04:07,756 INFO     HTTP/2 support not enabled (install the http2 and tls Twisted extras)
2020-11-04 14:04:07,756 INFO     Configuring endpoint unix:/home/medet/webapps/stello
2020-11-04 14:04:07,757 CRITICAL Listen failure: Couldn't listen on any:b'/home/medet/webapps/stello': [Errno 98] Address already in use.
2020-11-04 14:04:09,807 INFO     Starting server at unix:/home/medet/webapps/stello
2020-11-04 14:04:09,808 INFO     HTTP/2 support not enabled (install the http2 and tls Twisted extras)
2020-11-04 14:04:09,808 INFO     Configuring endpoint unix:/home/medet/webapps/stello
2020-11-04 14:04:09,809 CRITICAL Listen failure: Couldn't listen on any:b'/home/medet/webapps/stello': [Errno 98] Address already in use.
2020-11-04 14:04:11,865 INFO     Starting server at unix:/home/medet/webapps/stello
2020-11-04 14:04:11,866 INFO     HTTP/2 support not enabled (install the http2 and tls Twisted extras)
2020-11-04 14:04:11,866 INFO     Configuring endpoint unix:/home/medet/webapps/stello
2020-11-04 14:04:11,867 CRITICAL Listen failure: Couldn't listen on any:b'/home/medet/webapps/stello': [Errno 98] Address already in use.
2020-11-04 14:04:13,936 INFO     Starting server at unix:/home/medet/webapps/stello
2020-11-04 14:04:13,937 INFO     HTTP/2 support not enabled (install the http2 and tls Twisted extras)
2020-11-04 14:04:13,937 INFO     Configuring endpoint unix:/home/medet/webapps/stello
2020-11-04 14:04:13,938 CRITICAL Listen failure: Couldn't listen on any:b'/home/medet/webapps/stello': [Errno 98] Address already in use.
2020-11-04 14:04:15,991 INFO     Starting server at unix:/home/medet/webapps/stello
2020-11-04 14:04:15,991 INFO     HTTP/2 support not enabled (install the http2 and tls Twisted extras)
2020-11-04 14:04:15,991 INFO     Configuring endpoint unix:/home/medet/webapps/stello
2020-11-04 14:04:15,992 CRITICAL Listen failure: Couldn't listen on any:b'/home/medet/webapps/stello': [Errno 98] Address already in use.
2020-11-04 14:04:18,049 INFO     Starting server at unix:/home/medet/webapps/stello
2020-11-04 14:04:18,050 INFO     HTTP/2 support not enabled (install the http2 and tls Twisted extras)
2020-11-04 14:04:18,050 INFO     Configuring endpoint unix:/home/medet/webapps/stello
2020-11-04 14:04:18,051 CRITICAL Listen failure: Couldn't listen on any:b'/home/medet/webapps/stello': [Errno 98] Address already in use.
2020-11-04 14:04:20,200 INFO     Starting server at unix:/home/medet/webapps/stello
2020-11-04 14:04:20,200 INFO     HTTP/2 support not enabled (install the http2 and tls Twisted extras)
2020-11-04 14:04:20,201 INFO     Configuring endpoint unix:/home/medet/webapps/stello
2020-11-04 14:04:20,202 CRITICAL Listen failure: Couldn't listen on any:b'/home/medet/webapps/stello': [Errno 98] Address already in use.
2020-11-04 14:04:22,249 INFO     Starting server at unix:/home/medet/webapps/stello
2020-11-04 14:04:22,249 INFO     HTTP/2 support not enabled (install the http2 and tls Twisted extras)
2020-11-04 14:04:22,250 INFO     Configuring endpoint unix:/home/medet/webapps/stello
2020-11-04 14:04:22,251 CRITICAL Listen failure: Couldn't listen on any:b'/home/medet/webapps/stello': [Errno 98] Address already in use.
2020-11-04 14:04:24,246 INFO     Starting server at unix:/home/medet/webapps/stello
2020-11-04 14:04:24,246 INFO     HTTP/2 support not enabled (install the http2 and tls Twisted extras)
2020-11-04 14:04:24,246 INFO     Configuring endpoint unix:/home/medet/webapps/stello
2020-11-04 14:04:24,247 CRITICAL Listen failure: Couldn't listen on any:b'/home/medet/webapps/stello': [Errno 98] Address already in use.
2020-11-04 14:04:26,325 INFO     Starting server at unix:/home/medet/webapps/stello
2020-11-04 14:04:26,326 INFO     HTTP/2 support not enabled (install the http2 and tls Twisted extras)
2020-11-04 14:04:26,326 INFO     Configuring endpoint unix:/home/medet/webapps/stello
2020-11-04 14:04:26,327 CRITICAL Listen failure: Couldn't listen on any:b'/home/medet/webapps/stello': [Errno 98] Address already in use.
2020-11-04 14:04:28,384 INFO     Starting server at unix:/home/medet/webapps/stello
2020-11-04 14:04:28,385 INFO     HTTP/2 support not enabled (install the http2 and tls Twisted extras)
2020-11-04 14:04:28,385 INFO     Configuring endpoint unix:/home/medet/webapps/stello
2020-11-04 14:04:28,386 CRITICAL Listen failure: Couldn't listen on any:b'/home/medet/webapps/stello': [Errno 98] Address already in use.
2020-11-04 14:04:30,445 INFO     Starting server at unix:/home/medet/webapps/stello
2020-11-04 14:04:30,446 INFO     HTTP/2 support not enabled (install the http2 and tls Twisted extras)
2020-11-04 14:04:30,446 INFO     Configuring endpoint unix:/home/medet/webapps/stello
2020-11-04 14:04:30,447 CRITICAL Listen failure: Couldn't listen on any:b'/home/medet/webapps/stello': [Errno 98] Address already in use.
2020-11-04 14:04:32,536 INFO     Starting server at unix:/home/medet/webapps/stello
2020-11-04 14:04:32,537 INFO     HTTP/2 support not enabled (install the http2 and tls Twisted extras)
2020-11-04 14:04:32,537 INFO     Configuring endpoint unix:/home/medet/webapps/stello
2020-11-04 14:04:32,538 CRITICAL Listen failure: Couldn't listen on any:b'/home/medet/webapps/stello': [Errno 98] Address already in use.
2020-11-04 14:04:34,604 INFO     Starting server at unix:/home/medet/webapps/stello
2020-11-04 14:04:34,604 INFO     HTTP/2 support not enabled (install the http2 and tls Twisted extras)
2020-11-04 14:04:34,605 INFO     Configuring endpoint unix:/home/medet/webapps/stello
2020-11-04 14:04:34,606 CRITICAL Listen failure: Couldn't listen on any:b'/home/medet/webapps/stello': [Errno 98] Address already in use.
2020-11-04 14:04:36,661 INFO     Starting server at unix:/home/medet/webapps/stello
2020-11-04 14:04:36,661 INFO     HTTP/2 support not enabled (install the http2 and tls Twisted extras)
2020-11-04 14:04:36,662 INFO     Configuring endpoint unix:/home/medet/webapps/stello
2020-11-04 14:04:36,663 CRITICAL Listen failure: Couldn't listen on any:b'/home/medet/webapps/stello': [Errno 98] Address already in use.
2020-11-04 14:04:38,726 INFO     Starting server at unix:/home/medet/webapps/stello
2020-11-04 14:04:38,727 INFO     HTTP/2 support not enabled (install the http2 and tls Twisted extras)
2020-11-04 14:04:38,727 INFO     Configuring endpoint unix:/home/medet/webapps/stello
2020-11-04 14:04:38,728 CRITICAL Listen failure: Couldn't listen on any:b'/home/medet/webapps/stello': [Errno 98] Address already in use.
2020-11-04 14:04:40,649 INFO     Starting server at unix:/home/medet/webapps/stello
2020-11-04 14:04:40,649 INFO     HTTP/2 support not enabled (install the http2 and tls Twisted extras)
2020-11-04 14:04:40,649 INFO     Configuring endpoint unix:/home/medet/webapps/stello
2020-11-04 14:04:40,650 CRITICAL Listen failure: Couldn't listen on any:b'/home/medet/webapps/stello': [Errno 98] Address already in use.
2020-11-04 14:04:42,699 INFO     Starting server at unix:/home/medet/webapps/stello
2020-11-04 14:04:42,699 INFO     HTTP/2 support not enabled (install the http2 and tls Twisted extras)
2020-11-04 14:04:42,699 INFO     Configuring endpoint unix:/home/medet/webapps/stello
2020-11-04 14:04:42,701 CRITICAL Listen failure: Couldn't listen on any:b'/home/medet/webapps/stello': [Errno 98] Address already in use.
2020-11-04 14:04:44,742 INFO     Starting server at unix:/home/medet/webapps/stello
2020-11-04 14:04:44,743 INFO     HTTP/2 support not enabled (install the http2 and tls Twisted extras)
2020-11-04 14:04:44,743 INFO     Configuring endpoint unix:/home/medet/webapps/stello
2020-11-04 14:04:44,745 CRITICAL Listen failure: Couldn't listen on any:b'/home/medet/webapps/stello': [Errno 98] Address already in use.
2020-11-04 14:04:46,782 INFO     Starting server at unix:/home/medet/webapps/stello
2020-11-04 14:04:46,783 INFO     HTTP/2 support not enabled (install the http2 and tls Twisted extras)
2020-11-04 14:04:46,783 INFO     Configuring endpoint unix:/home/medet/webapps/stello
2020-11-04 14:04:46,784 CRITICAL Listen failure: Couldn't listen on any:b'/home/medet/webapps/stello': [Errno 98] Address already in use.
2020-11-04 14:04:49,806 INFO     Starting server at unix:/home/medet/webapps/stello
2020-11-04 14:04:49,807 INFO     HTTP/2 support not enabled (install the http2 and tls Twisted extras)
2020-11-04 14:04:49,807 INFO     Configuring endpoint unix:/home/medet/webapps/stello
2020-11-04 14:04:49,809 CRITICAL Listen failure: Couldn't listen on any:b'/home/medet/webapps/stello': [Errno 98] Address already in use.
2020-11-04 14:04:52,852 INFO     Starting server at unix:/home/medet/webapps/stello
2020-11-04 14:04:52,853 INFO     HTTP/2 support not enabled (install the http2 and tls Twisted extras)
2020-11-04 14:04:52,853 INFO     Configuring endpoint unix:/home/medet/webapps/stello
2020-11-04 14:04:52,855 CRITICAL Listen failure: Couldn't listen on any:b'/home/medet/webapps/stello': [Errno 98] Address already in use.
2020-11-04 14:04:55,917 INFO     Starting server at unix:/home/medet/webapps/stello
2020-11-04 14:04:55,917 INFO     HTTP/2 support not enabled (install the http2 and tls Twisted extras)
2020-11-04 14:04:55,918 INFO     Configuring endpoint unix:/home/medet/webapps/stello
2020-11-04 14:04:55,919 CRITICAL Listen failure: Couldn't listen on any:b'/home/medet/webapps/stello': [Errno 98] Address already in use.
2020-11-04 14:04:57,971 INFO     Starting server at unix:/home/medet/webapps/stello
2020-11-04 14:04:57,972 INFO     HTTP/2 support not enabled (install the http2 and tls Twisted extras)
2020-11-04 14:04:57,972 INFO     Configuring endpoint unix:/home/medet/webapps/stello
2020-11-04 14:04:57,973 CRITICAL Listen failure: Couldn't listen on any:b'/home/medet/webapps/stello': [Errno 98] Address already in use.
2020-11-04 14:05:01,000 INFO     Starting server at unix:/home/medet/webapps/stello
2020-11-04 14:05:01,001 INFO     HTTP/2 support not enabled (install the http2 and tls Twisted extras)
2020-11-04 14:05:01,001 INFO     Configuring endpoint unix:/home/medet/webapps/stello
2020-11-04 14:05:01,003 CRITICAL Listen failure: Couldn't listen on any:b'/home/medet/webapps/stello': [Errno 98] Address already in use.
2020-11-04 14:05:04,081 INFO     Starting server at unix:/home/medet/webapps/stello
2020-11-04 14:05:04,082 INFO     HTTP/2 support not enabled (install the http2 and tls Twisted extras)
2020-11-04 14:05:04,082 INFO     Configuring endpoint unix:/home/medet/webapps/stello
2020-11-04 14:05:04,083 CRITICAL Listen failure: Couldn't listen on any:b'/home/medet/webapps/stello': [Errno 98] Address already in use.
2020-11-04 14:05:07,134 INFO     Starting server at unix:/home/medet/webapps/stello
2020-11-04 14:05:07,135 INFO     HTTP/2 support not enabled (install the http2 and tls Twisted extras)
2020-11-04 14:05:07,135 INFO     Configuring endpoint unix:/home/medet/webapps/stello
2020-11-04 14:05:07,136 CRITICAL Listen failure: Couldn't listen on any:b'/home/medet/webapps/stello': [Errno 98] Address already in use.
2020-11-04 14:05:09,225 INFO     Starting server at unix:/home/medet/webapps/stello
2020-11-04 14:05:09,225 INFO     HTTP/2 support not enabled (install the http2 and tls Twisted extras)
2020-11-04 14:05:09,226 INFO     Configuring endpoint unix:/home/medet/webapps/stello
2020-11-04 14:05:09,227 CRITICAL Listen failure: Couldn't listen on any:b'/home/medet/webapps/stello': [Errno 98] Address already in use.
2020-11-04 14:05:11,264 INFO     Starting server at unix:/home/medet/webapps/stello
2020-11-04 14:05:11,265 INFO     HTTP/2 support not enabled (install the http2 and tls Twisted extras)
2020-11-04 14:05:11,265 INFO     Configuring endpoint unix:/home/medet/webapps/stello
2020-11-04 14:05:11,266 CRITICAL Listen failure: Couldn't listen on any:b'/home/medet/webapps/stello': [Errno 98] Address already in use.
2020-11-04 14:05:13,332 INFO     Starting server at unix:/home/medet/webapps/stello
2020-11-04 14:05:13,333 INFO     HTTP/2 support not enabled (install the http2 and tls Twisted extras)
2020-11-04 14:05:13,333 INFO     Configuring endpoint unix:/home/medet/webapps/stello
2020-11-04 14:05:13,334 CRITICAL Listen failure: Couldn't listen on any:b'/home/medet/webapps/stello': [Errno 98] Address already in use.
2020-11-04 14:05:15,391 INFO     Starting server at unix:/home/medet/webapps/stello
2020-11-04 14:05:15,391 INFO     HTTP/2 support not enabled (install the http2 and tls Twisted extras)
2020-11-04 14:05:15,392 INFO     Configuring endpoint unix:/home/medet/webapps/stello
2020-11-04 14:05:15,393 CRITICAL Listen failure: Couldn't listen on any:b'/home/medet/webapps/stello': [Errno 98] Address already in use.
2020-11-04 14:05:17,420 INFO     Starting server at unix:/home/medet/webapps/stello
2020-11-04 14:05:17,421 INFO     HTTP/2 support not enabled (install the http2 and tls Twisted extras)
2020-11-04 14:05:17,421 INFO     Configuring endpoint unix:/home/medet/webapps/stello
2020-11-04 14:05:17,423 CRITICAL Listen failure: Couldn't listen on any:b'/home/medet/webapps/stello': [Errno 98] Address already in use.
2020-11-04 14:05:19,445 INFO     Starting server at unix:/home/medet/webapps/stello
2020-11-04 14:05:19,445 INFO     HTTP/2 support not enabled (install the http2 and tls Twisted extras)
2020-11-04 14:05:19,446 INFO     Configuring endpoint unix:/home/medet/webapps/stello
2020-11-04 14:05:19,447 CRITICAL Listen failure: Couldn't listen on any:b'/home/medet/webapps/stello': [Errno 98] Address already in use.
2020-11-04 14:05:21,515 INFO     Starting server at unix:/home/medet/webapps/stello
2020-11-04 14:05:21,515 INFO     HTTP/2 support not enabled (install the http2 and tls Twisted extras)
2020-11-04 14:05:21,515 INFO     Configuring endpoint unix:/home/medet/webapps/stello
2020-11-04 14:05:21,516 CRITICAL Listen failure: Couldn't listen on any:b'/home/medet/webapps/stello': [Errno 98] Address already in use.
2020-11-04 14:05:23,579 INFO     Starting server at unix:/home/medet/webapps/stello
2020-11-04 14:05:23,579 INFO     HTTP/2 support not enabled (install the http2 and tls Twisted extras)
2020-11-04 14:05:23,580 INFO     Configuring endpoint unix:/home/medet/webapps/stello
2020-11-04 14:05:23,581 CRITICAL Listen failure: Couldn't listen on any:b'/home/medet/webapps/stello': [Errno 98] Address already in use.
2020-11-04 14:05:25,598 INFO     Starting server at unix:/home/medet/webapps/stello
2020-11-04 14:05:25,599 INFO     HTTP/2 support not enabled (install the http2 and tls Twisted extras)
2020-11-04 14:05:25,599 INFO     Configuring endpoint unix:/home/medet/webapps/stello
2020-11-04 14:05:25,600 CRITICAL Listen failure: Couldn't listen on any:b'/home/medet/webapps/stello': [Errno 98] Address already in use.
